INFO - 2023-08-20 00:00:00 --> Session: Class initialized using 'CodeIgniter\Session\Handlers\FileHandler' driver.
INFO - 2023-08-20 00:00:01 --> Session: Class initialized using 'CodeIgniter\Session\Handlers\FileHandler' driver.
INFO - 2023-08-20 00:00:09 --> Session: Class initialized using 'CodeIgniter\Session\Handlers\FileHandler' driver.
INFO - 2023-08-20 00:00:13 --> Session: Class initialized using 'CodeIgniter\Session\Handlers\FileHandler' driver.
INFO - 2023-08-20 00:00:17 --> Session: Class initialized using 'CodeIgniter\Session\Handlers\FileHandler' driver.
INFO - 2023-08-20 00:00:35 --> Session: Class initialized using 'CodeIgniter\Session\Handlers\FileHandler' driver.
INFO - 2023-08-20 00:00:35 --> Session: Class initialized using 'CodeIgniter\Session\Handlers\FileHandler' driver.
INFO - 2023-08-20 00:00:43 --> Session: Class initialized using 'CodeIgniter\Session\Handlers\FileHandler' driver.
INFO - 2023-08-20 00:00:45 --> Session: Class initialized using 'CodeIgniter\Session\Handlers\FileHandler' driver.
INFO - 2023-08-20 00:00:47 --> Session: Class initialized using 'CodeIgniter\Session\Handlers\FileHandler' driver.
INFO - 2023-08-20 00:00:47 --> Session: Class initialized using 'CodeIgniter\Session\Handlers\FileHandler' driver.
INFO - 2023-08-20 00:03:24 --> Session: Class initialized using 'CodeIgniter\Session\Handlers\FileHandler' driver.
INFO - 2023-08-20 00:03:30 --> Session: Class initialized using 'CodeIgniter\Session\Handlers\FileHandler' driver.
INFO - 2023-08-20 00:11:21 --> Session: Class initialized using 'CodeIgniter\Session\Handlers\FileHandler' driver.
INFO - 2023-08-20 00:12:35 --> Session: Class initialized using 'CodeIgniter\Session\Handlers\FileHandler' driver.
INFO - 2023-08-20 00:12:48 --> Session: Class initialized using 'CodeIgniter\Session\Handlers\FileHandler' driver.
INFO - 2023-08-20 00:12:51 --> Session: Class initialized using 'CodeIgniter\Session\Handlers\FileHandler' driver.
INFO - 2023-08-20 00:12:53 --> Session: Class initialized using 'CodeIgniter\Session\Handlers\FileHandler' driver.
INFO - 2023-08-20 00:13:19 --> Session: Class initialized using 'CodeIgniter\Session\Handlers\FileHandler' driver.
INFO - 2023-08-20 00:13:24 --> Session: Class initialized using 'CodeIgniter\Session\Handlers\FileHandler' driver.
INFO - 2023-08-20 00:14:13 --> Session: Class initialized using 'CodeIgniter\Session\Handlers\FileHandler' driver.
INFO - 2023-08-20 00:14:15 --> Session: Class initialized using 'CodeIgniter\Session\Handlers\FileHandler' driver.
INFO - 2023-08-20 00:14:17 --> Session: Class initialized using 'CodeIgniter\Session\Handlers\FileHandler' driver.
INFO - 2023-08-20 00:15:04 --> Session: Class initialized using 'CodeIgniter\Session\Handlers\FileHandler' driver.
INFO - 2023-08-20 00:15:08 --> Session: Class initialized using 'CodeIgniter\Session\Handlers\FileHandler' driver.
INFO - 2023-08-20 00:15:10 --> Session: Class initialized using 'CodeIgniter\Session\Handlers\FileHandler' driver.
INFO - 2023-08-20 00:15:15 --> Session: Class initialized using 'CodeIgniter\Session\Handlers\FileHandler' driver.
INFO - 2023-08-20 00:15:20 --> Session: Class initialized using 'CodeIgniter\Session\Handlers\FileHandler' driver.
INFO - 2023-08-20 00:15:41 --> Session: Class initialized using 'CodeIgniter\Session\Handlers\FileHandler' driver.
INFO - 2023-08-20 00:18:15 --> Session: Class initialized using 'CodeIgniter\Session\Handlers\FileHandler' driver.
INFO - 2023-08-20 00:18:17 --> Session: Class initialized using 'CodeIgniter\Session\Handlers\FileHandler' driver.
INFO - 2023-08-20 00:18:31 --> Session: Class initialized using 'CodeIgniter\Session\Handlers\FileHandler' driver.
CRITICAL - 2023-08-20 00:18:31 --> Call to a member function isValid() on null
in APPPATH\Controllers\Admin\HotelController.php on line 49.
 1 SYSTEMPATH\CodeIgniter.php(932): App\Controllers\Admin\HotelController->add()
 2 SYSTEMPATH\CodeIgniter.php(497): CodeIgniter\CodeIgniter->runController(Object(App\Controllers\Admin\HotelController))
 3 SYSTEMPATH\CodeIgniter.php(366): CodeIgniter\CodeIgniter->handleRequest(null, Object(Config\Cache), false)
 4 FCPATH\index.php(67): CodeIgniter\CodeIgniter->run()
 5 SYSTEMPATH\Commands\Server\rewrite.php(47): require_once('C:\\UAS\\siwisata\\public\\index.php')
INFO - 2023-08-20 00:19:13 --> Session: Class initialized using 'CodeIgniter\Session\Handlers\FileHandler' driver.
CRITICAL - 2023-08-20 00:19:13 --> Call to a member function isValid() on null
in APPPATH\Controllers\Admin\HotelController.php on line 49.
 1 SYSTEMPATH\CodeIgniter.php(932): App\Controllers\Admin\HotelController->add()
 2 SYSTEMPATH\CodeIgniter.php(497): CodeIgniter\CodeIgniter->runController(Object(App\Controllers\Admin\HotelController))
 3 SYSTEMPATH\CodeIgniter.php(366): CodeIgniter\CodeIgniter->handleRequest(null, Object(Config\Cache), false)
 4 FCPATH\index.php(67): CodeIgniter\CodeIgniter->run()
 5 SYSTEMPATH\Commands\Server\rewrite.php(47): require_once('C:\\UAS\\siwisata\\public\\index.php')
INFO - 2023-08-20 00:20:08 --> Session: Class initialized using 'CodeIgniter\Session\Handlers\FileHandler' driver.
ERROR - 2023-08-20 00:20:08 --> mysqli_sql_exception: Column 'nama_penginapan' cannot be null in C:\UAS\siwisata\system\Database\MySQLi\Connection.php:295
Stack trace:
#0 C:\UAS\siwisata\system\Database\MySQLi\Connection.php(295): mysqli->query('INSERT INTO `pe...', 0)
#1 C:\UAS\siwisata\system\Database\BaseConnection.php(692): CodeIgniter\Database\MySQLi\Connection->execute('INSERT INTO `pe...')
#2 C:\UAS\siwisata\system\Database\BaseConnection.php(606): CodeIgniter\Database\BaseConnection->simpleQuery('INSERT INTO `pe...')
#3 C:\UAS\siwisata\system\Database\BaseBuilder.php(2309): CodeIgniter\Database\BaseConnection->query('INSERT INTO `pe...', Array, false)
#4 C:\UAS\siwisata\system\Model.php(330): CodeIgniter\Database\BaseBuilder->insert()
#5 C:\UAS\siwisata\system\BaseModel.php(782): CodeIgniter\Model->doInsert(Array)
#6 C:\UAS\siwisata\system\Model.php(730): CodeIgniter\BaseModel->insert(Array, true)
#7 C:\UAS\siwisata\app\Controllers\Admin\HotelController.php(56): CodeIgniter\Model->insert(Array)
#8 C:\UAS\siwisata\system\CodeIgniter.php(932): App\Controllers\Admin\HotelController->add()
#9 C:\UAS\siwisata\system\CodeIgniter.php(497): CodeIgniter\CodeIgniter->runController(Object(App\Controllers\Admin\HotelController))
#10 C:\UAS\siwisata\system\CodeIgniter.php(366): CodeIgniter\CodeIgniter->handleRequest(NULL, Object(Config\Cache), false)
#11 C:\UAS\siwisata\public\index.php(67): CodeIgniter\CodeIgniter->run()
#12 C:\UAS\siwisata\system\Commands\Server\rewrite.php(47): require_once('C:\\UAS\\siwisata...')
#13 {main}
CRITICAL - 2023-08-20 00:20:08 --> Column 'nama_penginapan' cannot be null
in SYSTEMPATH\Database\MySQLi\Connection.php on line 295.
 1 SYSTEMPATH\Database\MySQLi\Connection.php(295): mysqli->query('INSERT INTO `penginapan` (`nama_penginapan`, `lokasi`, `price`, `deskripsi`, `gambar`) VALUES (NULL, \'test\', \'123231\', \'as\', \'1692490808_5579e6d3eba00856cecc.jpg\')', 0)
 2 SYSTEMPATH\Database\BaseConnection.php(692): CodeIgniter\Database\MySQLi\Connection->execute('INSERT INTO `penginapan` (`nama_penginapan`, `lokasi`, `price`, `deskripsi`, `gambar`) VALUES (NULL, \'test\', \'123231\', \'as\', \'1692490808_5579e6d3eba00856cecc.jpg\')')
 3 SYSTEMPATH\Database\BaseConnection.php(606): CodeIgniter\Database\BaseConnection->simpleQuery('INSERT INTO `penginapan` (`nama_penginapan`, `lokasi`, `price`, `deskripsi`, `gambar`) VALUES (NULL, \'test\', \'123231\', \'as\', \'1692490808_5579e6d3eba00856cecc.jpg\')')
 4 SYSTEMPATH\Database\BaseBuilder.php(2309): CodeIgniter\Database\BaseConnection->query('INSERT INTO `penginapan` (`nama_penginapan`, `lokasi`, `price`, `deskripsi`, `gambar`) VALUES (:nama_penginapan:, :lokasi:, :price:, :deskripsi:, :gambar:)', [...], false)
 5 SYSTEMPATH\Model.php(330): CodeIgniter\Database\BaseBuilder->insert()
 6 SYSTEMPATH\BaseModel.php(782): CodeIgniter\Model->doInsert([...])
 7 SYSTEMPATH\Model.php(730): CodeIgniter\BaseModel->insert([...], true)
 8 APPPATH\Controllers\Admin\HotelController.php(56): CodeIgniter\Model->insert([...])
 9 SYSTEMPATH\CodeIgniter.php(932): App\Controllers\Admin\HotelController->add()
10 SYSTEMPATH\CodeIgniter.php(497): CodeIgniter\CodeIgniter->runController(Object(App\Controllers\Admin\HotelController))
11 SYSTEMPATH\CodeIgniter.php(366): CodeIgniter\CodeIgniter->handleRequest(null, Object(Config\Cache), false)
12 FCPATH\index.php(67): CodeIgniter\CodeIgniter->run()
13 SYSTEMPATH\Commands\Server\rewrite.php(47): require_once('C:\\UAS\\siwisata\\public\\index.php')
INFO - 2023-08-20 00:20:23 --> Session: Class initialized using 'CodeIgniter\Session\Handlers\FileHandler' driver.
INFO - 2023-08-20 00:20:24 --> Session: Class initialized using 'CodeIgniter\Session\Handlers\FileHandler' driver.
INFO - 2023-08-20 00:20:34 --> Session: Class initialized using 'CodeIgniter\Session\Handlers\FileHandler' driver.
ERROR - 2023-08-20 00:20:34 --> mysqli_sql_exception: Column 'nama_penginapan' cannot be null in C:\UAS\siwisata\system\Database\MySQLi\Connection.php:295
Stack trace:
#0 C:\UAS\siwisata\system\Database\MySQLi\Connection.php(295): mysqli->query('INSERT INTO `pe...', 0)
#1 C:\UAS\siwisata\system\Database\BaseConnection.php(692): CodeIgniter\Database\MySQLi\Connection->execute('INSERT INTO `pe...')
#2 C:\UAS\siwisata\system\Database\BaseConnection.php(606): CodeIgniter\Database\BaseConnection->simpleQuery('INSERT INTO `pe...')
#3 C:\UAS\siwisata\system\Database\BaseBuilder.php(2309): CodeIgniter\Database\BaseConnection->query('INSERT INTO `pe...', Array, false)
#4 C:\UAS\siwisata\system\Model.php(330): CodeIgniter\Database\BaseBuilder->insert()
#5 C:\UAS\siwisata\system\BaseModel.php(782): CodeIgniter\Model->doInsert(Array)
#6 C:\UAS\siwisata\system\Model.php(730): CodeIgniter\BaseModel->insert(Array, true)
#7 C:\UAS\siwisata\app\Controllers\Admin\HotelController.php(56): CodeIgniter\Model->insert(Array)
#8 C:\UAS\siwisata\system\CodeIgniter.php(932): App\Controllers\Admin\HotelController->add()
#9 C:\UAS\siwisata\system\CodeIgniter.php(497): CodeIgniter\CodeIgniter->runController(Object(App\Controllers\Admin\HotelController))
#10 C:\UAS\siwisata\system\CodeIgniter.php(366): CodeIgniter\CodeIgniter->handleRequest(NULL, Object(Config\Cache), false)
#11 C:\UAS\siwisata\public\index.php(67): CodeIgniter\CodeIgniter->run()
#12 C:\UAS\siwisata\system\Commands\Server\rewrite.php(47): require_once('C:\\UAS\\siwisata...')
#13 {main}
CRITICAL - 2023-08-20 00:20:34 --> Column 'nama_penginapan' cannot be null
in SYSTEMPATH\Database\MySQLi\Connection.php on line 295.
 1 SYSTEMPATH\Database\MySQLi\Connection.php(295): mysqli->query('INSERT INTO `penginapan` (`nama_penginapan`, `lokasi`, `price`, `deskripsi`, `gambar`) VALUES (NULL, \'aasd\', \'12\', \'asd\', \'1692490834_bbfed5a3209302001752.jpg\')', 0)
 2 SYSTEMPATH\Database\BaseConnection.php(692): CodeIgniter\Database\MySQLi\Connection->execute('INSERT INTO `penginapan` (`nama_penginapan`, `lokasi`, `price`, `deskripsi`, `gambar`) VALUES (NULL, \'aasd\', \'12\', \'asd\', \'1692490834_bbfed5a3209302001752.jpg\')')
 3 SYSTEMPATH\Database\BaseConnection.php(606): CodeIgniter\Database\BaseConnection->simpleQuery('INSERT INTO `penginapan` (`nama_penginapan`, `lokasi`, `price`, `deskripsi`, `gambar`) VALUES (NULL, \'aasd\', \'12\', \'asd\', \'1692490834_bbfed5a3209302001752.jpg\')')
 4 SYSTEMPATH\Database\BaseBuilder.php(2309): CodeIgniter\Database\BaseConnection->query('INSERT INTO `penginapan` (`nama_penginapan`, `lokasi`, `price`, `deskripsi`, `gambar`) VALUES (:nama_penginapan:, :lokasi:, :price:, :deskripsi:, :gambar:)', [...], false)
 5 SYSTEMPATH\Model.php(330): CodeIgniter\Database\BaseBuilder->insert()
 6 SYSTEMPATH\BaseModel.php(782): CodeIgniter\Model->doInsert([...])
 7 SYSTEMPATH\Model.php(730): CodeIgniter\BaseModel->insert([...], true)
 8 APPPATH\Controllers\Admin\HotelController.php(56): CodeIgniter\Model->insert([...])
 9 SYSTEMPATH\CodeIgniter.php(932): App\Controllers\Admin\HotelController->add()
10 SYSTEMPATH\CodeIgniter.php(497): CodeIgniter\CodeIgniter->runController(Object(App\Controllers\Admin\HotelController))
11 SYSTEMPATH\CodeIgniter.php(366): CodeIgniter\CodeIgniter->handleRequest(null, Object(Config\Cache), false)
12 FCPATH\index.php(67): CodeIgniter\CodeIgniter->run()
13 SYSTEMPATH\Commands\Server\rewrite.php(47): require_once('C:\\UAS\\siwisata\\public\\index.php')
INFO - 2023-08-20 00:22:04 --> Session: Class initialized using 'CodeIgniter\Session\Handlers\FileHandler' driver.
ERROR - 2023-08-20 00:22:04 --> mysqli_sql_exception: Column 'nama_penginapan' cannot be null in C:\UAS\siwisata\system\Database\MySQLi\Connection.php:295
Stack trace:
#0 C:\UAS\siwisata\system\Database\MySQLi\Connection.php(295): mysqli->query('INSERT INTO `pe...', 0)
#1 C:\UAS\siwisata\system\Database\BaseConnection.php(692): CodeIgniter\Database\MySQLi\Connection->execute('INSERT INTO `pe...')
#2 C:\UAS\siwisata\system\Database\BaseConnection.php(606): CodeIgniter\Database\BaseConnection->simpleQuery('INSERT INTO `pe...')
#3 C:\UAS\siwisata\system\Database\BaseBuilder.php(2309): CodeIgniter\Database\BaseConnection->query('INSERT INTO `pe...', Array, false)
#4 C:\UAS\siwisata\system\Model.php(330): CodeIgniter\Database\BaseBuilder->insert()
#5 C:\UAS\siwisata\system\BaseModel.php(782): CodeIgniter\Model->doInsert(Array)
#6 C:\UAS\siwisata\system\Model.php(730): CodeIgniter\BaseModel->insert(Array, true)
#7 C:\UAS\siwisata\app\Controllers\Admin\HotelController.php(56): CodeIgniter\Model->insert(Array)
#8 C:\UAS\siwisata\system\CodeIgniter.php(932): App\Controllers\Admin\HotelController->add()
#9 C:\UAS\siwisata\system\CodeIgniter.php(497): CodeIgniter\CodeIgniter->runController(Object(App\Controllers\Admin\HotelController))
#10 C:\UAS\siwisata\system\CodeIgniter.php(366): CodeIgniter\CodeIgniter->handleRequest(NULL, Object(Config\Cache), false)
#11 C:\UAS\siwisata\public\index.php(67): CodeIgniter\CodeIgniter->run()
#12 C:\UAS\siwisata\system\Commands\Server\rewrite.php(47): require_once('C:\\UAS\\siwisata...')
#13 {main}
CRITICAL - 2023-08-20 00:22:04 --> Column 'nama_penginapan' cannot be null
in SYSTEMPATH\Database\MySQLi\Connection.php on line 295.
 1 SYSTEMPATH\Database\MySQLi\Connection.php(295): mysqli->query('INSERT INTO `penginapan` (`nama_penginapan`, `lokasi`, `price`, `deskripsi`, `gambar`) VALUES (NULL, \'aasd\', \'12\', \'asd\', \'1692490924_9c2025fe919f180454e2.jpg\')', 0)
 2 SYSTEMPATH\Database\BaseConnection.php(692): CodeIgniter\Database\MySQLi\Connection->execute('INSERT INTO `penginapan` (`nama_penginapan`, `lokasi`, `price`, `deskripsi`, `gambar`) VALUES (NULL, \'aasd\', \'12\', \'asd\', \'1692490924_9c2025fe919f180454e2.jpg\')')
 3 SYSTEMPATH\Database\BaseConnection.php(606): CodeIgniter\Database\BaseConnection->simpleQuery('INSERT INTO `penginapan` (`nama_penginapan`, `lokasi`, `price`, `deskripsi`, `gambar`) VALUES (NULL, \'aasd\', \'12\', \'asd\', \'1692490924_9c2025fe919f180454e2.jpg\')')
 4 SYSTEMPATH\Database\BaseBuilder.php(2309): CodeIgniter\Database\BaseConnection->query('INSERT INTO `penginapan` (`nama_penginapan`, `lokasi`, `price`, `deskripsi`, `gambar`) VALUES (:nama_penginapan:, :lokasi:, :price:, :deskripsi:, :gambar:)', [...], false)
 5 SYSTEMPATH\Model.php(330): CodeIgniter\Database\BaseBuilder->insert()
 6 SYSTEMPATH\BaseModel.php(782): CodeIgniter\Model->doInsert([...])
 7 SYSTEMPATH\Model.php(730): CodeIgniter\BaseModel->insert([...], true)
 8 APPPATH\Controllers\Admin\HotelController.php(56): CodeIgniter\Model->insert([...])
 9 SYSTEMPATH\CodeIgniter.php(932): App\Controllers\Admin\HotelController->add()
10 SYSTEMPATH\CodeIgniter.php(497): CodeIgniter\CodeIgniter->runController(Object(App\Controllers\Admin\HotelController))
11 SYSTEMPATH\CodeIgniter.php(366): CodeIgniter\CodeIgniter->handleRequest(null, Object(Config\Cache), false)
12 FCPATH\index.php(67): CodeIgniter\CodeIgniter->run()
13 SYSTEMPATH\Commands\Server\rewrite.php(47): require_once('C:\\UAS\\siwisata\\public\\index.php')
INFO - 2023-08-20 00:22:39 --> Session: Class initialized using 'CodeIgniter\Session\Handlers\FileHandler' driver.
ERROR - 2023-08-20 00:22:39 --> mysqli_sql_exception: Column 'nama_penginapan' cannot be null in C:\UAS\siwisata\system\Database\MySQLi\Connection.php:295
Stack trace:
#0 C:\UAS\siwisata\system\Database\MySQLi\Connection.php(295): mysqli->query('INSERT INTO `pe...', 0)
#1 C:\UAS\siwisata\system\Database\BaseConnection.php(692): CodeIgniter\Database\MySQLi\Connection->execute('INSERT INTO `pe...')
#2 C:\UAS\siwisata\system\Database\BaseConnection.php(606): CodeIgniter\Database\BaseConnection->simpleQuery('INSERT INTO `pe...')
#3 C:\UAS\siwisata\system\Database\BaseBuilder.php(2309): CodeIgniter\Database\BaseConnection->query('INSERT INTO `pe...', Array, false)
#4 C:\UAS\siwisata\system\Model.php(330): CodeIgniter\Database\BaseBuilder->insert()
#5 C:\UAS\siwisata\system\BaseModel.php(782): CodeIgniter\Model->doInsert(Array)
#6 C:\UAS\siwisata\system\Model.php(730): CodeIgniter\BaseModel->insert(Array, true)
#7 C:\UAS\siwisata\app\Controllers\Admin\HotelController.php(56): CodeIgniter\Model->insert(Array)
#8 C:\UAS\siwisata\system\CodeIgniter.php(932): App\Controllers\Admin\HotelController->add()
#9 C:\UAS\siwisata\system\CodeIgniter.php(497): CodeIgniter\CodeIgniter->runController(Object(App\Controllers\Admin\HotelController))
#10 C:\UAS\siwisata\system\CodeIgniter.php(366): CodeIgniter\CodeIgniter->handleRequest(NULL, Object(Config\Cache), false)
#11 C:\UAS\siwisata\public\index.php(67): CodeIgniter\CodeIgniter->run()
#12 C:\UAS\siwisata\system\Commands\Server\rewrite.php(47): require_once('C:\\UAS\\siwisata...')
#13 {main}
CRITICAL - 2023-08-20 00:22:39 --> Column 'nama_penginapan' cannot be null
in SYSTEMPATH\Database\MySQLi\Connection.php on line 295.
 1 SYSTEMPATH\Database\MySQLi\Connection.php(295): mysqli->query('INSERT INTO `penginapan` (`nama_penginapan`, `lokasi`, `price`, `deskripsi`, `gambar`) VALUES (NULL, \'aasd\', \'12\', \'asd\', \'1692490959_feffa1e1d8a335e86b5f.jpg\')', 0)
 2 SYSTEMPATH\Database\BaseConnection.php(692): CodeIgniter\Database\MySQLi\Connection->execute('INSERT INTO `penginapan` (`nama_penginapan`, `lokasi`, `price`, `deskripsi`, `gambar`) VALUES (NULL, \'aasd\', \'12\', \'asd\', \'1692490959_feffa1e1d8a335e86b5f.jpg\')')
 3 SYSTEMPATH\Database\BaseConnection.php(606): CodeIgniter\Database\BaseConnection->simpleQuery('INSERT INTO `penginapan` (`nama_penginapan`, `lokasi`, `price`, `deskripsi`, `gambar`) VALUES (NULL, \'aasd\', \'12\', \'asd\', \'1692490959_feffa1e1d8a335e86b5f.jpg\')')
 4 SYSTEMPATH\Database\BaseBuilder.php(2309): CodeIgniter\Database\BaseConnection->query('INSERT INTO `penginapan` (`nama_penginapan`, `lokasi`, `price`, `deskripsi`, `gambar`) VALUES (:nama_penginapan:, :lokasi:, :price:, :deskripsi:, :gambar:)', [...], false)
 5 SYSTEMPATH\Model.php(330): CodeIgniter\Database\BaseBuilder->insert()
 6 SYSTEMPATH\BaseModel.php(782): CodeIgniter\Model->doInsert([...])
 7 SYSTEMPATH\Model.php(730): CodeIgniter\BaseModel->insert([...], true)
 8 APPPATH\Controllers\Admin\HotelController.php(56): CodeIgniter\Model->insert([...])
 9 SYSTEMPATH\CodeIgniter.php(932): App\Controllers\Admin\HotelController->add()
10 SYSTEMPATH\CodeIgniter.php(497): CodeIgniter\CodeIgniter->runController(Object(App\Controllers\Admin\HotelController))
11 SYSTEMPATH\CodeIgniter.php(366): CodeIgniter\CodeIgniter->handleRequest(null, Object(Config\Cache), false)
12 FCPATH\index.php(67): CodeIgniter\CodeIgniter->run()
13 SYSTEMPATH\Commands\Server\rewrite.php(47): require_once('C:\\UAS\\siwisata\\public\\index.php')
INFO - 2023-08-20 00:22:53 --> Session: Class initialized using 'CodeIgniter\Session\Handlers\FileHandler' driver.
INFO - 2023-08-20 00:22:54 --> Session: Class initialized using 'CodeIgniter\Session\Handlers\FileHandler' driver.
INFO - 2023-08-20 00:22:59 --> Session: Class initialized using 'CodeIgniter\Session\Handlers\FileHandler' driver.
INFO - 2023-08-20 00:22:59 --> Session: Class initialized using 'CodeIgniter\Session\Handlers\FileHandler' driver.
INFO - 2023-08-20 00:23:10 --> Session: Class initialized using 'CodeIgniter\Session\Handlers\FileHandler' driver.
INFO - 2023-08-20 00:23:17 --> Session: Class initialized using 'CodeIgniter\Session\Handlers\FileHandler' driver.
INFO - 2023-08-20 00:24:39 --> Session: Class initialized using 'CodeIgniter\Session\Handlers\FileHandler' driver.
INFO - 2023-08-20 00:24:42 --> Session: Class initialized using 'CodeIgniter\Session\Handlers\FileHandler' driver.
INFO - 2023-08-20 00:24:44 --> Session: Class initialized using 'CodeIgniter\Session\Handlers\FileHandler' driver.
INFO - 2023-08-20 00:25:05 --> Session: Class initialized using 'CodeIgniter\Session\Handlers\FileHandler' driver.
INFO - 2023-08-20 00:25:09 --> Session: Class initialized using 'CodeIgniter\Session\Handlers\FileHandler' driver.
INFO - 2023-08-20 00:25:11 --> Session: Class initialized using 'CodeIgniter\Session\Handlers\FileHandler' driver.
INFO - 2023-08-20 00:26:50 --> Session: Class initialized using 'CodeIgniter\Session\Handlers\FileHandler' driver.
INFO - 2023-08-20 00:26:53 --> Session: Class initialized using 'CodeIgniter\Session\Handlers\FileHandler' driver.
INFO - 2023-08-20 00:26:56 --> Session: Class initialized using 'CodeIgniter\Session\Handlers\FileHandler' driver.
INFO - 2023-08-20 00:27:36 --> Session: Class initialized using 'CodeIgniter\Session\Handlers\FileHandler' driver.
INFO - 2023-08-20 00:27:39 --> Session: Class initialized using 'CodeIgniter\Session\Handlers\FileHandler' driver.
INFO - 2023-08-20 00:27:45 --> Session: Class initialized using 'CodeIgniter\Session\Handlers\FileHandler' driver.
INFO - 2023-08-20 00:27:45 --> Session: Class initialized using 'CodeIgniter\Session\Handlers\FileHandler' driver.
INFO - 2023-08-20 00:28:01 --> Session: Class initialized using 'CodeIgniter\Session\Handlers\FileHandler' driver.
INFO - 2023-08-20 00:28:07 --> Session: Class initialized using 'CodeIgniter\Session\Handlers\FileHandler' driver.
INFO - 2023-08-20 00:28:09 --> Session: Class initialized using 'CodeIgniter\Session\Handlers\FileHandler' driver.
INFO - 2023-08-20 00:28:14 --> Session: Class initialized using 'CodeIgniter\Session\Handlers\FileHandler' driver.
INFO - 2023-08-20 00:28:14 --> Session: Class initialized using 'CodeIgniter\Session\Handlers\FileHandler' driver.
INFO - 2023-08-20 00:29:22 --> Session: Class initialized using 'CodeIgniter\Session\Handlers\FileHandler' driver.
INFO - 2023-08-20 00:29:28 --> Session: Class initialized using 'CodeIgniter\Session\Handlers\FileHandler' driver.
INFO - 2023-08-20 00:30:13 --> Session: Class initialized using 'CodeIgniter\Session\Handlers\FileHandler' driver.
INFO - 2023-08-20 00:30:15 --> Session: Class initialized using 'CodeIgniter\Session\Handlers\FileHandler' driver.
INFO - 2023-08-20 00:30:24 --> Session: Class initialized using 'CodeIgniter\Session\Handlers\FileHandler' driver.
INFO - 2023-08-20 00:30:24 --> Session: Class initialized using 'CodeIgniter\Session\Handlers\FileHandler' driver.
INFO - 2023-08-20 00:30:37 --> Session: Class initialized using 'CodeIgniter\Session\Handlers\FileHandler' driver.
INFO - 2023-08-20 00:30:37 --> Session: Class initialized using 'CodeIgniter\Session\Handlers\FileHandler' driver.
INFO - 2023-08-20 00:30:43 --> Session: Class initialized using 'CodeIgniter\Session\Handlers\FileHandler' driver.
INFO - 2023-08-20 00:30:51 --> Session: Class initialized using 'CodeIgniter\Session\Handlers\FileHandler' driver.
INFO - 2023-08-20 00:30:53 --> Session: Class initialized using 'CodeIgniter\Session\Handlers\FileHandler' driver.
INFO - 2023-08-20 00:33:56 --> Session: Class initialized using 'CodeIgniter\Session\Handlers\FileHandler' driver.
INFO - 2023-08-20 01:04:52 --> Session: Class initialized using 'CodeIgniter\Session\Handlers\FileHandler' driver.
INFO - 2023-08-20 01:04:55 --> Session: Class initialized using 'CodeIgniter\Session\Handlers\FileHandler' driver.
CRITICAL - 2023-08-20 01:04:55 --> Class "App\Controllers\Admin\TransportasiModel" not found
in APPPATH\Controllers\Admin\TransportasiController.php on line 17.
 1 SYSTEMPATH\CodeIgniter.php(932): App\Controllers\Admin\TransportasiController->index()
 2 SYSTEMPATH\CodeIgniter.php(497): CodeIgniter\CodeIgniter->runController(Object(App\Controllers\Admin\TransportasiController))
 3 SYSTEMPATH\CodeIgniter.php(366): CodeIgniter\CodeIgniter->handleRequest(null, Object(Config\Cache), false)
 4 FCPATH\index.php(67): CodeIgniter\CodeIgniter->run()
 5 SYSTEMPATH\Commands\Server\rewrite.php(47): require_once('C:\\UAS\\siwisata\\public\\index.php')
INFO - 2023-08-20 01:05:40 --> Session: Class initialized using 'CodeIgniter\Session\Handlers\FileHandler' driver.
CRITICAL - 2023-08-20 01:05:40 --> Undefined variable $bis
in APPPATH\Views\admin\transportasi\index.php on line 31.
 1 APPPATH\Views\admin\transportasi\index.php(31): CodeIgniter\Debug\Exceptions->errorHandler(2, 'Undefined variable $bis', 'C:\\UAS\\siwisata\\app\\Views\\admin\\transportasi\\index.php', 31)
 2 SYSTEMPATH\View\View.php(224): include('C:\\UAS\\siwisata\\app\\Views\\admin\\transportasi\\index.php')
 3 SYSTEMPATH\View\View.php(227): CodeIgniter\View\View->CodeIgniter\View\{closure}()
 4 SYSTEMPATH\Common.php(1176): CodeIgniter\View\View->render('admin/transportasi/index', [], true)
 5 APPPATH\Controllers\Admin\TransportasiController.php(23): view('admin/transportasi/index', [...])
 6 SYSTEMPATH\CodeIgniter.php(932): App\Controllers\Admin\TransportasiController->index()
 7 SYSTEMPATH\CodeIgniter.php(497): CodeIgniter\CodeIgniter->runController(Object(App\Controllers\Admin\TransportasiController))
 8 SYSTEMPATH\CodeIgniter.php(366): CodeIgniter\CodeIgniter->handleRequest(null, Object(Config\Cache), false)
 9 FCPATH\index.php(67): CodeIgniter\CodeIgniter->run()
10 SYSTEMPATH\Commands\Server\rewrite.php(47): require_once('C:\\UAS\\siwisata\\public\\index.php')
INFO - 2023-08-20 01:06:21 --> Session: Class initialized using 'CodeIgniter\Session\Handlers\FileHandler' driver.
CRITICAL - 2023-08-20 01:06:21 --> Undefined variable $bis
in APPPATH\Views\admin\transportasi\index.php on line 31.
 1 APPPATH\Views\admin\transportasi\index.php(31): CodeIgniter\Debug\Exceptions->errorHandler(2, 'Undefined variable $bis', 'C:\\UAS\\siwisata\\app\\Views\\admin\\transportasi\\index.php', 31)
 2 SYSTEMPATH\View\View.php(224): include('C:\\UAS\\siwisata\\app\\Views\\admin\\transportasi\\index.php')
 3 SYSTEMPATH\View\View.php(227): CodeIgniter\View\View->CodeIgniter\View\{closure}()
 4 SYSTEMPATH\Common.php(1176): CodeIgniter\View\View->render('admin/transportasi/index', [], true)
 5 APPPATH\Controllers\Admin\TransportasiController.php(23): view('admin/transportasi/index', [...])
 6 SYSTEMPATH\CodeIgniter.php(932): App\Controllers\Admin\TransportasiController->index()
 7 SYSTEMPATH\CodeIgniter.php(497): CodeIgniter\CodeIgniter->runController(Object(App\Controllers\Admin\TransportasiController))
 8 SYSTEMPATH\CodeIgniter.php(366): CodeIgniter\CodeIgniter->handleRequest(null, Object(Config\Cache), false)
 9 FCPATH\index.php(67): CodeIgniter\CodeIgniter->run()
10 SYSTEMPATH\Commands\Server\rewrite.php(47): require_once('C:\\UAS\\siwisata\\public\\index.php')
INFO - 2023-08-20 01:06:21 --> Session: Class initialized using 'CodeIgniter\Session\Handlers\FileHandler' driver.
CRITICAL - 2023-08-20 01:06:21 --> Undefined variable $bis
in APPPATH\Views\admin\transportasi\index.php on line 31.
 1 APPPATH\Views\admin\transportasi\index.php(31): CodeIgniter\Debug\Exceptions->errorHandler(2, 'Undefined variable $bis', 'C:\\UAS\\siwisata\\app\\Views\\admin\\transportasi\\index.php', 31)
 2 SYSTEMPATH\View\View.php(224): include('C:\\UAS\\siwisata\\app\\Views\\admin\\transportasi\\index.php')
 3 SYSTEMPATH\View\View.php(227): CodeIgniter\View\View->CodeIgniter\View\{closure}()
 4 SYSTEMPATH\Common.php(1176): CodeIgniter\View\View->render('admin/transportasi/index', [], true)
 5 APPPATH\Controllers\Admin\TransportasiController.php(23): view('admin/transportasi/index', [...])
 6 SYSTEMPATH\CodeIgniter.php(932): App\Controllers\Admin\TransportasiController->index()
 7 SYSTEMPATH\CodeIgniter.php(497): CodeIgniter\CodeIgniter->runController(Object(App\Controllers\Admin\TransportasiController))
 8 SYSTEMPATH\CodeIgniter.php(366): CodeIgniter\CodeIgniter->handleRequest(null, Object(Config\Cache), false)
 9 FCPATH\index.php(67): CodeIgniter\CodeIgniter->run()
10 SYSTEMPATH\Commands\Server\rewrite.php(47): require_once('C:\\UAS\\siwisata\\public\\index.php')
INFO - 2023-08-20 01:07:35 --> Session: Class initialized using 'CodeIgniter\Session\Handlers\FileHandler' driver.
CRITICAL - 2023-08-20 01:07:35 --> Undefined array key "deskripsi"
in APPPATH\Views\admin\transportasi\index.php on line 93.
 1 APPPATH\Views\admin\transportasi\index.php(93): CodeIgniter\Debug\Exceptions->errorHandler(2, 'Undefined array key "deskripsi"', 'C:\\UAS\\siwisata\\app\\Views\\admin\\transportasi\\index.php', 93)
 2 SYSTEMPATH\View\View.php(224): include('C:\\UAS\\siwisata\\app\\Views\\admin\\transportasi\\index.php')
 3 SYSTEMPATH\View\View.php(227): CodeIgniter\View\View->CodeIgniter\View\{closure}()
 4 SYSTEMPATH\Common.php(1176): CodeIgniter\View\View->render('admin/transportasi/index', [], true)
 5 APPPATH\Controllers\Admin\TransportasiController.php(23): view('admin/transportasi/index', [...])
 6 SYSTEMPATH\CodeIgniter.php(932): App\Controllers\Admin\TransportasiController->index()
 7 SYSTEMPATH\CodeIgniter.php(497): CodeIgniter\CodeIgniter->runController(Object(App\Controllers\Admin\TransportasiController))
 8 SYSTEMPATH\CodeIgniter.php(366): CodeIgniter\CodeIgniter->handleRequest(null, Object(Config\Cache), false)
 9 FCPATH\index.php(67): CodeIgniter\CodeIgniter->run()
10 SYSTEMPATH\Commands\Server\rewrite.php(47): require_once('C:\\UAS\\siwisata\\public\\index.php')
INFO - 2023-08-20 01:09:21 --> Session: Class initialized using 'CodeIgniter\Session\Handlers\FileHandler' driver.
INFO - 2023-08-20 01:10:58 --> Session: Class initialized using 'CodeIgniter\Session\Handlers\FileHandler' driver.
INFO - 2023-08-20 01:14:24 --> Session: Class initialized using 'CodeIgniter\Session\Handlers\FileHandler' driver.
INFO - 2023-08-20 01:15:00 --> Session: Class initialized using 'CodeIgniter\Session\Handlers\FileHandler' driver.
INFO - 2023-08-20 01:25:20 --> Session: Class initialized using 'CodeIgniter\Session\Handlers\FileHandler' driver.
INFO - 2023-08-20 01:25:23 --> Session: Class initialized using 'CodeIgniter\Session\Handlers\FileHandler' driver.
INFO - 2023-08-20 01:25:26 --> Session: Class initialized using 'CodeIgniter\Session\Handlers\FileHandler' driver.
INFO - 2023-08-20 01:25:32 --> Session: Class initialized using 'CodeIgniter\Session\Handlers\FileHandler' driver.
INFO - 2023-08-20 01:25:37 --> Session: Class initialized using 'CodeIgniter\Session\Handlers\FileHandler' driver.
CRITICAL - 2023-08-20 01:25:37 --> Call to undefined function App\Controllers\Admin\getPost()
in APPPATH\Controllers\Admin\TransportasiController.php on line 79.
 1 SYSTEMPATH\CodeIgniter.php(932): App\Controllers\Admin\TransportasiController->edit('3')
 2 SYSTEMPATH\CodeIgniter.php(497): CodeIgniter\CodeIgniter->runController(Object(App\Controllers\Admin\TransportasiController))
 3 SYSTEMPATH\CodeIgniter.php(366): CodeIgniter\CodeIgniter->handleRequest(null, Object(Config\Cache), false)
 4 FCPATH\index.php(67): CodeIgniter\CodeIgniter->run()
 5 SYSTEMPATH\Commands\Server\rewrite.php(47): require_once('C:\\UAS\\siwisata\\public\\index.php')
INFO - 2023-08-20 01:26:36 --> Session: Class initialized using 'CodeIgniter\Session\Handlers\FileHandler' driver.
CRITICAL - 2023-08-20 01:26:36 --> There is no data to update.
in SYSTEMPATH\BaseModel.php on line 1693.
 1 SYSTEMPATH\BaseModel.php(1693): CodeIgniter\Database\Exceptions\DataException::forEmptyDataset('update')
 2 SYSTEMPATH\BaseModel.php(910): CodeIgniter\BaseModel->transformDataToArray(null, 'update')
 3 SYSTEMPATH\Model.php(756): CodeIgniter\BaseModel->update([...], null)
 4 APPPATH\Controllers\Admin\TransportasiController.php(95): CodeIgniter\Model->update([...])
 5 SYSTEMPATH\CodeIgniter.php(932): App\Controllers\Admin\TransportasiController->edit('3')
 6 SYSTEMPATH\CodeIgniter.php(497): CodeIgniter\CodeIgniter->runController(Object(App\Controllers\Admin\TransportasiController))
 7 SYSTEMPATH\CodeIgniter.php(366): CodeIgniter\CodeIgniter->handleRequest(null, Object(Config\Cache), false)
 8 FCPATH\index.php(67): CodeIgniter\CodeIgniter->run()
 9 SYSTEMPATH\Commands\Server\rewrite.php(47): require_once('C:\\UAS\\siwisata\\public\\index.php')
INFO - 2023-08-20 01:26:40 --> Session: Class initialized using 'CodeIgniter\Session\Handlers\FileHandler' driver.
INFO - 2023-08-20 01:26:42 --> Session: Class initialized using 'CodeIgniter\Session\Handlers\FileHandler' driver.
INFO - 2023-08-20 01:26:43 --> Session: Class initialized using 'CodeIgniter\Session\Handlers\FileHandler' driver.
INFO - 2023-08-20 01:26:45 --> Session: Class initialized using 'CodeIgniter\Session\Handlers\FileHandler' driver.
INFO - 2023-08-20 01:26:50 --> Session: Class initialized using 'CodeIgniter\Session\Handlers\FileHandler' driver.
CRITICAL - 2023-08-20 01:26:50 --> There is no data to update.
in SYSTEMPATH\BaseModel.php on line 1693.
 1 SYSTEMPATH\BaseModel.php(1693): CodeIgniter\Database\Exceptions\DataException::forEmptyDataset('update')
 2 SYSTEMPATH\BaseModel.php(910): CodeIgniter\BaseModel->transformDataToArray(null, 'update')
 3 SYSTEMPATH\Model.php(756): CodeIgniter\BaseModel->update([...], null)
 4 APPPATH\Controllers\Admin\TransportasiController.php(95): CodeIgniter\Model->update([...])
 5 SYSTEMPATH\CodeIgniter.php(932): App\Controllers\Admin\TransportasiController->edit('3')
 6 SYSTEMPATH\CodeIgniter.php(497): CodeIgniter\CodeIgniter->runController(Object(App\Controllers\Admin\TransportasiController))
 7 SYSTEMPATH\CodeIgniter.php(366): CodeIgniter\CodeIgniter->handleRequest(null, Object(Config\Cache), false)
 8 FCPATH\index.php(67): CodeIgniter\CodeIgniter->run()
 9 SYSTEMPATH\Commands\Server\rewrite.php(47): require_once('C:\\UAS\\siwisata\\public\\index.php')
INFO - 2023-08-20 01:28:10 --> Session: Class initialized using 'CodeIgniter\Session\Handlers\FileHandler' driver.
INFO - 2023-08-20 01:28:11 --> Session: Class initialized using 'CodeIgniter\Session\Handlers\FileHandler' driver.
INFO - 2023-08-20 01:28:21 --> Session: Class initialized using 'CodeIgniter\Session\Handlers\FileHandler' driver.
CRITICAL - 2023-08-20 01:28:21 --> There is no data to update.
in SYSTEMPATH\BaseModel.php on line 1693.
 1 SYSTEMPATH\BaseModel.php(1693): CodeIgniter\Database\Exceptions\DataException::forEmptyDataset('update')
 2 SYSTEMPATH\BaseModel.php(910): CodeIgniter\BaseModel->transformDataToArray(null, 'update')
 3 SYSTEMPATH\Model.php(756): CodeIgniter\BaseModel->update([...], null)
 4 APPPATH\Controllers\Admin\TransportasiController.php(95): CodeIgniter\Model->update([...])
 5 SYSTEMPATH\CodeIgniter.php(932): App\Controllers\Admin\TransportasiController->edit('3')
 6 SYSTEMPATH\CodeIgniter.php(497): CodeIgniter\CodeIgniter->runController(Object(App\Controllers\Admin\TransportasiController))
 7 SYSTEMPATH\CodeIgniter.php(366): CodeIgniter\CodeIgniter->handleRequest(null, Object(Config\Cache), false)
 8 FCPATH\index.php(67): CodeIgniter\CodeIgniter->run()
 9 SYSTEMPATH\Commands\Server\rewrite.php(47): require_once('C:\\UAS\\siwisata\\public\\index.php')
INFO - 2023-08-20 01:28:24 --> Session: Class initialized using 'CodeIgniter\Session\Handlers\FileHandler' driver.
INFO - 2023-08-20 01:28:24 --> Session: Class initialized using 'CodeIgniter\Session\Handlers\FileHandler' driver.
INFO - 2023-08-20 01:28:26 --> Session: Class initialized using 'CodeIgniter\Session\Handlers\FileHandler' driver.
INFO - 2023-08-20 01:28:30 --> Session: Class initialized using 'CodeIgniter\Session\Handlers\FileHandler' driver.
INFO - 2023-08-20 01:28:56 --> Session: Class initialized using 'CodeIgniter\Session\Handlers\FileHandler' driver.
CRITICAL - 2023-08-20 01:28:56 --> Call to a member function isValid() on null
in APPPATH\Controllers\Admin\TransportasiController.php on line 48.
 1 SYSTEMPATH\CodeIgniter.php(932): App\Controllers\Admin\TransportasiController->add()
 2 SYSTEMPATH\CodeIgniter.php(497): CodeIgniter\CodeIgniter->runController(Object(App\Controllers\Admin\TransportasiController))
 3 SYSTEMPATH\CodeIgniter.php(366): CodeIgniter\CodeIgniter->handleRequest(null, Object(Config\Cache), false)
 4 FCPATH\index.php(67): CodeIgniter\CodeIgniter->run()
 5 SYSTEMPATH\Commands\Server\rewrite.php(47): require_once('C:\\UAS\\siwisata\\public\\index.php')
INFO - 2023-08-20 01:29:05 --> Session: Class initialized using 'CodeIgniter\Session\Handlers\FileHandler' driver.
INFO - 2023-08-20 01:29:09 --> Session: Class initialized using 'CodeIgniter\Session\Handlers\FileHandler' driver.
CRITICAL - 2023-08-20 01:29:09 --> Call to a member function isValid() on null
in APPPATH\Controllers\Admin\TransportasiController.php on line 48.
 1 SYSTEMPATH\CodeIgniter.php(932): App\Controllers\Admin\TransportasiController->add()
 2 SYSTEMPATH\CodeIgniter.php(497): CodeIgniter\CodeIgniter->runController(Object(App\Controllers\Admin\TransportasiController))
 3 SYSTEMPATH\CodeIgniter.php(366): CodeIgniter\CodeIgniter->handleRequest(null, Object(Config\Cache), false)
 4 FCPATH\index.php(67): CodeIgniter\CodeIgniter->run()
 5 SYSTEMPATH\Commands\Server\rewrite.php(47): require_once('C:\\UAS\\siwisata\\public\\index.php')
INFO - 2023-08-20 01:29:15 --> Session: Class initialized using 'CodeIgniter\Session\Handlers\FileHandler' driver.
INFO - 2023-08-20 01:29:56 --> Session: Class initialized using 'CodeIgniter\Session\Handlers\FileHandler' driver.
INFO - 2023-08-20 01:30:00 --> Session: Class initialized using 'CodeIgniter\Session\Handlers\FileHandler' driver.
INFO - 2023-08-20 01:30:00 --> Session: Class initialized using 'CodeIgniter\Session\Handlers\FileHandler' driver.
INFO - 2023-08-20 01:31:11 --> Session: Class initialized using 'CodeIgniter\Session\Handlers\FileHandler' driver.
INFO - 2023-08-20 01:31:14 --> Session: Class initialized using 'CodeIgniter\Session\Handlers\FileHandler' driver.
INFO - 2023-08-20 01:31:14 --> Session: Class initialized using 'CodeIgniter\Session\Handlers\FileHandler' driver.
INFO - 2023-08-20 01:31:19 --> Session: Class initialized using 'CodeIgniter\Session\Handlers\FileHandler' driver.
INFO - 2023-08-20 01:31:21 --> Session: Class initialized using 'CodeIgniter\Session\Handlers\FileHandler' driver.
INFO - 2023-08-20 01:31:25 --> Session: Class initialized using 'CodeIgniter\Session\Handlers\FileHandler' driver.
CRITICAL - 2023-08-20 01:31:25 --> There is no data to update.
in SYSTEMPATH\BaseModel.php on line 1693.
 1 SYSTEMPATH\BaseModel.php(1693): CodeIgniter\Database\Exceptions\DataException::forEmptyDataset('update')
 2 SYSTEMPATH\BaseModel.php(910): CodeIgniter\BaseModel->transformDataToArray(null, 'update')
 3 SYSTEMPATH\Model.php(756): CodeIgniter\BaseModel->update([...], null)
 4 APPPATH\Controllers\Admin\TransportasiController.php(95): CodeIgniter\Model->update([...])
 5 SYSTEMPATH\CodeIgniter.php(932): App\Controllers\Admin\TransportasiController->edit('3')
 6 SYSTEMPATH\CodeIgniter.php(497): CodeIgniter\CodeIgniter->runController(Object(App\Controllers\Admin\TransportasiController))
 7 SYSTEMPATH\CodeIgniter.php(366): CodeIgniter\CodeIgniter->handleRequest(null, Object(Config\Cache), false)
 8 FCPATH\index.php(67): CodeIgniter\CodeIgniter->run()
 9 SYSTEMPATH\Commands\Server\rewrite.php(47): require_once('C:\\UAS\\siwisata\\public\\index.php')
INFO - 2023-08-20 01:31:30 --> Session: Class initialized using 'CodeIgniter\Session\Handlers\FileHandler' driver.
INFO - 2023-08-20 01:31:32 --> Session: Class initialized using 'CodeIgniter\Session\Handlers\FileHandler' driver.
INFO - 2023-08-20 01:38:03 --> Session: Class initialized using 'CodeIgniter\Session\Handlers\FileHandler' driver.
INFO - 2023-08-20 01:38:04 --> Session: Class initialized using 'CodeIgniter\Session\Handlers\FileHandler' driver.
CRITICAL - 2023-08-20 01:38:04 --> Undefined variable $hotel
in APPPATH\Views\admin\dashboard\index.php on line 20.
 1 APPPATH\Views\admin\dashboard\index.php(20): CodeIgniter\Debug\Exceptions->errorHandler(2, 'Undefined variable $hotel', 'C:\\UAS\\siwisata\\app\\Views\\admin\\dashboard\\index.php', 20)
 2 SYSTEMPATH\View\View.php(224): include('C:\\UAS\\siwisata\\app\\Views\\admin\\dashboard\\index.php')
 3 SYSTEMPATH\View\View.php(227): CodeIgniter\View\View->CodeIgniter\View\{closure}()
 4 SYSTEMPATH\Common.php(1176): CodeIgniter\View\View->render('admin/dashboard/index', [], true)
 5 APPPATH\Controllers\Admin\DashboardController.php(21): view('admin/dashboard/index', [...])
 6 SYSTEMPATH\CodeIgniter.php(932): App\Controllers\Admin\DashboardController->index()
 7 SYSTEMPATH\CodeIgniter.php(497): CodeIgniter\CodeIgniter->runController(Object(App\Controllers\Admin\DashboardController))
 8 SYSTEMPATH\CodeIgniter.php(366): CodeIgniter\CodeIgniter->handleRequest(null, Object(Config\Cache), false)
 9 FCPATH\index.php(67): CodeIgniter\CodeIgniter->run()
10 SYSTEMPATH\Commands\Server\rewrite.php(47): require_once('C:\\UAS\\siwisata\\public\\index.php')
INFO - 2023-08-20 01:38:21 --> Session: Class initialized using 'CodeIgniter\Session\Handlers\FileHandler' driver.
CRITICAL - 2023-08-20 01:38:21 --> Undefined variable $wisataCount
in APPPATH\Views\admin\dashboard\index.php on line 22.
 1 APPPATH\Views\admin\dashboard\index.php(22): CodeIgniter\Debug\Exceptions->errorHandler(2, 'Undefined variable $wisataCount', 'C:\\UAS\\siwisata\\app\\Views\\admin\\dashboard\\index.php', 22)
 2 SYSTEMPATH\View\View.php(224): include('C:\\UAS\\siwisata\\app\\Views\\admin\\dashboard\\index.php')
 3 SYSTEMPATH\View\View.php(227): CodeIgniter\View\View->CodeIgniter\View\{closure}()
 4 SYSTEMPATH\Common.php(1176): CodeIgniter\View\View->render('admin/dashboard/index', [], true)
 5 APPPATH\Controllers\Admin\DashboardController.php(21): view('admin/dashboard/index', [...])
 6 SYSTEMPATH\CodeIgniter.php(932): App\Controllers\Admin\DashboardController->index()
 7 SYSTEMPATH\CodeIgniter.php(497): CodeIgniter\CodeIgniter->runController(Object(App\Controllers\Admin\DashboardController))
 8 SYSTEMPATH\CodeIgniter.php(366): CodeIgniter\CodeIgniter->handleRequest(null, Object(Config\Cache), false)
 9 FCPATH\index.php(67): CodeIgniter\CodeIgniter->run()
10 SYSTEMPATH\Commands\Server\rewrite.php(47): require_once('C:\\UAS\\siwisata\\public\\index.php')
INFO - 2023-08-20 01:38:22 --> Session: Class initialized using 'CodeIgniter\Session\Handlers\FileHandler' driver.
CRITICAL - 2023-08-20 01:38:22 --> Undefined variable $wisataCount
in APPPATH\Views\admin\dashboard\index.php on line 22.
 1 APPPATH\Views\admin\dashboard\index.php(22): CodeIgniter\Debug\Exceptions->errorHandler(2, 'Undefined variable $wisataCount', 'C:\\UAS\\siwisata\\app\\Views\\admin\\dashboard\\index.php', 22)
 2 SYSTEMPATH\View\View.php(224): include('C:\\UAS\\siwisata\\app\\Views\\admin\\dashboard\\index.php')
 3 SYSTEMPATH\View\View.php(227): CodeIgniter\View\View->CodeIgniter\View\{closure}()
 4 SYSTEMPATH\Common.php(1176): CodeIgniter\View\View->render('admin/dashboard/index', [], true)
 5 APPPATH\Controllers\Admin\DashboardController.php(21): view('admin/dashboard/index', [...])
 6 SYSTEMPATH\CodeIgniter.php(932): App\Controllers\Admin\DashboardController->index()
 7 SYSTEMPATH\CodeIgniter.php(497): CodeIgniter\CodeIgniter->runController(Object(App\Controllers\Admin\DashboardController))
 8 SYSTEMPATH\CodeIgniter.php(366): CodeIgniter\CodeIgniter->handleRequest(null, Object(Config\Cache), false)
 9 FCPATH\index.php(67): CodeIgniter\CodeIgniter->run()
10 SYSTEMPATH\Commands\Server\rewrite.php(47): require_once('C:\\UAS\\siwisata\\public\\index.php')
INFO - 2023-08-20 01:38:31 --> Session: Class initialized using 'CodeIgniter\Session\Handlers\FileHandler' driver.
CRITICAL - 2023-08-20 01:38:31 --> Undefined variable $wisataCount
in APPPATH\Views\admin\dashboard\index.php on line 20.
 1 APPPATH\Views\admin\dashboard\index.php(20): CodeIgniter\Debug\Exceptions->errorHandler(2, 'Undefined variable $wisataCount', 'C:\\UAS\\siwisata\\app\\Views\\admin\\dashboard\\index.php', 20)
 2 SYSTEMPATH\View\View.php(224): include('C:\\UAS\\siwisata\\app\\Views\\admin\\dashboard\\index.php')
 3 SYSTEMPATH\View\View.php(227): CodeIgniter\View\View->CodeIgniter\View\{closure}()
 4 SYSTEMPATH\Common.php(1176): CodeIgniter\View\View->render('admin/dashboard/index', [], true)
 5 APPPATH\Controllers\Admin\DashboardController.php(21): view('admin/dashboard/index', [...])
 6 SYSTEMPATH\CodeIgniter.php(932): App\Controllers\Admin\DashboardController->index()
 7 SYSTEMPATH\CodeIgniter.php(497): CodeIgniter\CodeIgniter->runController(Object(App\Controllers\Admin\DashboardController))
 8 SYSTEMPATH\CodeIgniter.php(366): CodeIgniter\CodeIgniter->handleRequest(null, Object(Config\Cache), false)
 9 FCPATH\index.php(67): CodeIgniter\CodeIgniter->run()
10 SYSTEMPATH\Commands\Server\rewrite.php(47): require_once('C:\\UAS\\siwisata\\public\\index.php')
INFO - 2023-08-20 01:38:32 --> Session: Class initialized using 'CodeIgniter\Session\Handlers\FileHandler' driver.
CRITICAL - 2023-08-20 01:38:32 --> Undefined variable $wisataCount
in APPPATH\Views\admin\dashboard\index.php on line 20.
 1 APPPATH\Views\admin\dashboard\index.php(20): CodeIgniter\Debug\Exceptions->errorHandler(2, 'Undefined variable $wisataCount', 'C:\\UAS\\siwisata\\app\\Views\\admin\\dashboard\\index.php', 20)
 2 SYSTEMPATH\View\View.php(224): include('C:\\UAS\\siwisata\\app\\Views\\admin\\dashboard\\index.php')
 3 SYSTEMPATH\View\View.php(227): CodeIgniter\View\View->CodeIgniter\View\{closure}()
 4 SYSTEMPATH\Common.php(1176): CodeIgniter\View\View->render('admin/dashboard/index', [], true)
 5 APPPATH\Controllers\Admin\DashboardController.php(21): view('admin/dashboard/index', [...])
 6 SYSTEMPATH\CodeIgniter.php(932): App\Controllers\Admin\DashboardController->index()
 7 SYSTEMPATH\CodeIgniter.php(497): CodeIgniter\CodeIgniter->runController(Object(App\Controllers\Admin\DashboardController))
 8 SYSTEMPATH\CodeIgniter.php(366): CodeIgniter\CodeIgniter->handleRequest(null, Object(Config\Cache), false)
 9 FCPATH\index.php(67): CodeIgniter\CodeIgniter->run()
10 SYSTEMPATH\Commands\Server\rewrite.php(47): require_once('C:\\UAS\\siwisata\\public\\index.php')
INFO - 2023-08-20 01:38:32 --> Session: Class initialized using 'CodeIgniter\Session\Handlers\FileHandler' driver.
CRITICAL - 2023-08-20 01:38:32 --> Undefined variable $wisataCount
in APPPATH\Views\admin\dashboard\index.php on line 20.
 1 APPPATH\Views\admin\dashboard\index.php(20): CodeIgniter\Debug\Exceptions->errorHandler(2, 'Undefined variable $wisataCount', 'C:\\UAS\\siwisata\\app\\Views\\admin\\dashboard\\index.php', 20)
 2 SYSTEMPATH\View\View.php(224): include('C:\\UAS\\siwisata\\app\\Views\\admin\\dashboard\\index.php')
 3 SYSTEMPATH\View\View.php(227): CodeIgniter\View\View->CodeIgniter\View\{closure}()
 4 SYSTEMPATH\Common.php(1176): CodeIgniter\View\View->render('admin/dashboard/index', [], true)
 5 APPPATH\Controllers\Admin\DashboardController.php(21): view('admin/dashboard/index', [...])
 6 SYSTEMPATH\CodeIgniter.php(932): App\Controllers\Admin\DashboardController->index()
 7 SYSTEMPATH\CodeIgniter.php(497): CodeIgniter\CodeIgniter->runController(Object(App\Controllers\Admin\DashboardController))
 8 SYSTEMPATH\CodeIgniter.php(366): CodeIgniter\CodeIgniter->handleRequest(null, Object(Config\Cache), false)
 9 FCPATH\index.php(67): CodeIgniter\CodeIgniter->run()
10 SYSTEMPATH\Commands\Server\rewrite.php(47): require_once('C:\\UAS\\siwisata\\public\\index.php')
INFO - 2023-08-20 01:40:21 --> Session: Class initialized using 'CodeIgniter\Session\Handlers\FileHandler' driver.
CRITICAL - 2023-08-20 01:40:21 --> Undefined variable $wisataCount
in APPPATH\Views\admin\dashboard\index.php on line 22.
 1 APPPATH\Views\admin\dashboard\index.php(22): CodeIgniter\Debug\Exceptions->errorHandler(2, 'Undefined variable $wisataCount', 'C:\\UAS\\siwisata\\app\\Views\\admin\\dashboard\\index.php', 22)
 2 SYSTEMPATH\View\View.php(224): include('C:\\UAS\\siwisata\\app\\Views\\admin\\dashboard\\index.php')
 3 SYSTEMPATH\View\View.php(227): CodeIgniter\View\View->CodeIgniter\View\{closure}()
 4 SYSTEMPATH\Common.php(1176): CodeIgniter\View\View->render('admin/dashboard/index', [], true)
 5 APPPATH\Controllers\Admin\DashboardController.php(21): view('admin/dashboard/index', [...])
 6 SYSTEMPATH\CodeIgniter.php(932): App\Controllers\Admin\DashboardController->index()
 7 SYSTEMPATH\CodeIgniter.php(497): CodeIgniter\CodeIgniter->runController(Object(App\Controllers\Admin\DashboardController))
 8 SYSTEMPATH\CodeIgniter.php(366): CodeIgniter\CodeIgniter->handleRequest(null, Object(Config\Cache), false)
 9 FCPATH\index.php(67): CodeIgniter\CodeIgniter->run()
10 SYSTEMPATH\Commands\Server\rewrite.php(47): require_once('C:\\UAS\\siwisata\\public\\index.php')
INFO - 2023-08-20 01:40:22 --> Session: Class initialized using 'CodeIgniter\Session\Handlers\FileHandler' driver.
CRITICAL - 2023-08-20 01:40:22 --> Undefined variable $wisataCount
in APPPATH\Views\admin\dashboard\index.php on line 22.
 1 APPPATH\Views\admin\dashboard\index.php(22): CodeIgniter\Debug\Exceptions->errorHandler(2, 'Undefined variable $wisataCount', 'C:\\UAS\\siwisata\\app\\Views\\admin\\dashboard\\index.php', 22)
 2 SYSTEMPATH\View\View.php(224): include('C:\\UAS\\siwisata\\app\\Views\\admin\\dashboard\\index.php')
 3 SYSTEMPATH\View\View.php(227): CodeIgniter\View\View->CodeIgniter\View\{closure}()
 4 SYSTEMPATH\Common.php(1176): CodeIgniter\View\View->render('admin/dashboard/index', [], true)
 5 APPPATH\Controllers\Admin\DashboardController.php(21): view('admin/dashboard/index', [...])
 6 SYSTEMPATH\CodeIgniter.php(932): App\Controllers\Admin\DashboardController->index()
 7 SYSTEMPATH\CodeIgniter.php(497): CodeIgniter\CodeIgniter->runController(Object(App\Controllers\Admin\DashboardController))
 8 SYSTEMPATH\CodeIgniter.php(366): CodeIgniter\CodeIgniter->handleRequest(null, Object(Config\Cache), false)
 9 FCPATH\index.php(67): CodeIgniter\CodeIgniter->run()
10 SYSTEMPATH\Commands\Server\rewrite.php(47): require_once('C:\\UAS\\siwisata\\public\\index.php')
INFO - 2023-08-20 01:40:23 --> Session: Class initialized using 'CodeIgniter\Session\Handlers\FileHandler' driver.
CRITICAL - 2023-08-20 01:40:23 --> Undefined variable $wisataCount
in APPPATH\Views\admin\dashboard\index.php on line 22.
 1 APPPATH\Views\admin\dashboard\index.php(22): CodeIgniter\Debug\Exceptions->errorHandler(2, 'Undefined variable $wisataCount', 'C:\\UAS\\siwisata\\app\\Views\\admin\\dashboard\\index.php', 22)
 2 SYSTEMPATH\View\View.php(224): include('C:\\UAS\\siwisata\\app\\Views\\admin\\dashboard\\index.php')
 3 SYSTEMPATH\View\View.php(227): CodeIgniter\View\View->CodeIgniter\View\{closure}()
 4 SYSTEMPATH\Common.php(1176): CodeIgniter\View\View->render('admin/dashboard/index', [], true)
 5 APPPATH\Controllers\Admin\DashboardController.php(21): view('admin/dashboard/index', [...])
 6 SYSTEMPATH\CodeIgniter.php(932): App\Controllers\Admin\DashboardController->index()
 7 SYSTEMPATH\CodeIgniter.php(497): CodeIgniter\CodeIgniter->runController(Object(App\Controllers\Admin\DashboardController))
 8 SYSTEMPATH\CodeIgniter.php(366): CodeIgniter\CodeIgniter->handleRequest(null, Object(Config\Cache), false)
 9 FCPATH\index.php(67): CodeIgniter\CodeIgniter->run()
10 SYSTEMPATH\Commands\Server\rewrite.php(47): require_once('C:\\UAS\\siwisata\\public\\index.php')
INFO - 2023-08-20 01:40:23 --> Session: Class initialized using 'CodeIgniter\Session\Handlers\FileHandler' driver.
CRITICAL - 2023-08-20 01:40:23 --> Undefined variable $wisataCount
in APPPATH\Views\admin\dashboard\index.php on line 22.
 1 APPPATH\Views\admin\dashboard\index.php(22): CodeIgniter\Debug\Exceptions->errorHandler(2, 'Undefined variable $wisataCount', 'C:\\UAS\\siwisata\\app\\Views\\admin\\dashboard\\index.php', 22)
 2 SYSTEMPATH\View\View.php(224): include('C:\\UAS\\siwisata\\app\\Views\\admin\\dashboard\\index.php')
 3 SYSTEMPATH\View\View.php(227): CodeIgniter\View\View->CodeIgniter\View\{closure}()
 4 SYSTEMPATH\Common.php(1176): CodeIgniter\View\View->render('admin/dashboard/index', [], true)
 5 APPPATH\Controllers\Admin\DashboardController.php(21): view('admin/dashboard/index', [...])
 6 SYSTEMPATH\CodeIgniter.php(932): App\Controllers\Admin\DashboardController->index()
 7 SYSTEMPATH\CodeIgniter.php(497): CodeIgniter\CodeIgniter->runController(Object(App\Controllers\Admin\DashboardController))
 8 SYSTEMPATH\CodeIgniter.php(366): CodeIgniter\CodeIgniter->handleRequest(null, Object(Config\Cache), false)
 9 FCPATH\index.php(67): CodeIgniter\CodeIgniter->run()
10 SYSTEMPATH\Commands\Server\rewrite.php(47): require_once('C:\\UAS\\siwisata\\public\\index.php')
INFO - 2023-08-20 01:40:23 --> Session: Class initialized using 'CodeIgniter\Session\Handlers\FileHandler' driver.
CRITICAL - 2023-08-20 01:40:23 --> Undefined variable $wisataCount
in APPPATH\Views\admin\dashboard\index.php on line 22.
 1 APPPATH\Views\admin\dashboard\index.php(22): CodeIgniter\Debug\Exceptions->errorHandler(2, 'Undefined variable $wisataCount', 'C:\\UAS\\siwisata\\app\\Views\\admin\\dashboard\\index.php', 22)
 2 SYSTEMPATH\View\View.php(224): include('C:\\UAS\\siwisata\\app\\Views\\admin\\dashboard\\index.php')
 3 SYSTEMPATH\View\View.php(227): CodeIgniter\View\View->CodeIgniter\View\{closure}()
 4 SYSTEMPATH\Common.php(1176): CodeIgniter\View\View->render('admin/dashboard/index', [], true)
 5 APPPATH\Controllers\Admin\DashboardController.php(21): view('admin/dashboard/index', [...])
 6 SYSTEMPATH\CodeIgniter.php(932): App\Controllers\Admin\DashboardController->index()
 7 SYSTEMPATH\CodeIgniter.php(497): CodeIgniter\CodeIgniter->runController(Object(App\Controllers\Admin\DashboardController))
 8 SYSTEMPATH\CodeIgniter.php(366): CodeIgniter\CodeIgniter->handleRequest(null, Object(Config\Cache), false)
 9 FCPATH\index.php(67): CodeIgniter\CodeIgniter->run()
10 SYSTEMPATH\Commands\Server\rewrite.php(47): require_once('C:\\UAS\\siwisata\\public\\index.php')
INFO - 2023-08-20 01:40:24 --> Session: Class initialized using 'CodeIgniter\Session\Handlers\FileHandler' driver.
INFO - 2023-08-20 01:40:26 --> Session: Class initialized using 'CodeIgniter\Session\Handlers\FileHandler' driver.
INFO - 2023-08-20 01:40:27 --> Session: Class initialized using 'CodeIgniter\Session\Handlers\FileHandler' driver.
CRITICAL - 2023-08-20 01:40:27 --> Undefined variable $wisataCount
in APPPATH\Views\admin\dashboard\index.php on line 22.
 1 APPPATH\Views\admin\dashboard\index.php(22): CodeIgniter\Debug\Exceptions->errorHandler(2, 'Undefined variable $wisataCount', 'C:\\UAS\\siwisata\\app\\Views\\admin\\dashboard\\index.php', 22)
 2 SYSTEMPATH\View\View.php(224): include('C:\\UAS\\siwisata\\app\\Views\\admin\\dashboard\\index.php')
 3 SYSTEMPATH\View\View.php(227): CodeIgniter\View\View->CodeIgniter\View\{closure}()
 4 SYSTEMPATH\Common.php(1176): CodeIgniter\View\View->render('admin/dashboard/index', [], true)
 5 APPPATH\Controllers\Admin\DashboardController.php(21): view('admin/dashboard/index', [...])
 6 SYSTEMPATH\CodeIgniter.php(932): App\Controllers\Admin\DashboardController->index()
 7 SYSTEMPATH\CodeIgniter.php(497): CodeIgniter\CodeIgniter->runController(Object(App\Controllers\Admin\DashboardController))
 8 SYSTEMPATH\CodeIgniter.php(366): CodeIgniter\CodeIgniter->handleRequest(null, Object(Config\Cache), false)
 9 FCPATH\index.php(67): CodeIgniter\CodeIgniter->run()
10 SYSTEMPATH\Commands\Server\rewrite.php(47): require_once('C:\\UAS\\siwisata\\public\\index.php')
INFO - 2023-08-20 01:40:40 --> Session: Class initialized using 'CodeIgniter\Session\Handlers\FileHandler' driver.
CRITICAL - 2023-08-20 01:40:40 --> Undefined variable $wisataCount
in APPPATH\Views\admin\dashboard\index.php on line 22.
 1 APPPATH\Views\admin\dashboard\index.php(22): CodeIgniter\Debug\Exceptions->errorHandler(2, 'Undefined variable $wisataCount', 'C:\\UAS\\siwisata\\app\\Views\\admin\\dashboard\\index.php', 22)
 2 SYSTEMPATH\View\View.php(224): include('C:\\UAS\\siwisata\\app\\Views\\admin\\dashboard\\index.php')
 3 SYSTEMPATH\View\View.php(227): CodeIgniter\View\View->CodeIgniter\View\{closure}()
 4 SYSTEMPATH\Common.php(1176): CodeIgniter\View\View->render('admin/dashboard/index', [], true)
 5 APPPATH\Controllers\Admin\DashboardController.php(21): view('admin/dashboard/index', [...])
 6 SYSTEMPATH\CodeIgniter.php(932): App\Controllers\Admin\DashboardController->index()
 7 SYSTEMPATH\CodeIgniter.php(497): CodeIgniter\CodeIgniter->runController(Object(App\Controllers\Admin\DashboardController))
 8 SYSTEMPATH\CodeIgniter.php(366): CodeIgniter\CodeIgniter->handleRequest(null, Object(Config\Cache), false)
 9 FCPATH\index.php(67): CodeIgniter\CodeIgniter->run()
10 SYSTEMPATH\Commands\Server\rewrite.php(47): require_once('C:\\UAS\\siwisata\\public\\index.php')
INFO - 2023-08-20 01:40:40 --> Session: Class initialized using 'CodeIgniter\Session\Handlers\FileHandler' driver.
CRITICAL - 2023-08-20 01:40:40 --> Undefined variable $wisataCount
in APPPATH\Views\admin\dashboard\index.php on line 22.
 1 APPPATH\Views\admin\dashboard\index.php(22): CodeIgniter\Debug\Exceptions->errorHandler(2, 'Undefined variable $wisataCount', 'C:\\UAS\\siwisata\\app\\Views\\admin\\dashboard\\index.php', 22)
 2 SYSTEMPATH\View\View.php(224): include('C:\\UAS\\siwisata\\app\\Views\\admin\\dashboard\\index.php')
 3 SYSTEMPATH\View\View.php(227): CodeIgniter\View\View->CodeIgniter\View\{closure}()
 4 SYSTEMPATH\Common.php(1176): CodeIgniter\View\View->render('admin/dashboard/index', [], true)
 5 APPPATH\Controllers\Admin\DashboardController.php(21): view('admin/dashboard/index', [...])
 6 SYSTEMPATH\CodeIgniter.php(932): App\Controllers\Admin\DashboardController->index()
 7 SYSTEMPATH\CodeIgniter.php(497): CodeIgniter\CodeIgniter->runController(Object(App\Controllers\Admin\DashboardController))
 8 SYSTEMPATH\CodeIgniter.php(366): CodeIgniter\CodeIgniter->handleRequest(null, Object(Config\Cache), false)
 9 FCPATH\index.php(67): CodeIgniter\CodeIgniter->run()
10 SYSTEMPATH\Commands\Server\rewrite.php(47): require_once('C:\\UAS\\siwisata\\public\\index.php')
INFO - 2023-08-20 01:40:41 --> Session: Class initialized using 'CodeIgniter\Session\Handlers\FileHandler' driver.
CRITICAL - 2023-08-20 01:40:41 --> Undefined variable $wisataCount
in APPPATH\Views\admin\dashboard\index.php on line 22.
 1 APPPATH\Views\admin\dashboard\index.php(22): CodeIgniter\Debug\Exceptions->errorHandler(2, 'Undefined variable $wisataCount', 'C:\\UAS\\siwisata\\app\\Views\\admin\\dashboard\\index.php', 22)
 2 SYSTEMPATH\View\View.php(224): include('C:\\UAS\\siwisata\\app\\Views\\admin\\dashboard\\index.php')
 3 SYSTEMPATH\View\View.php(227): CodeIgniter\View\View->CodeIgniter\View\{closure}()
 4 SYSTEMPATH\Common.php(1176): CodeIgniter\View\View->render('admin/dashboard/index', [], true)
 5 APPPATH\Controllers\Admin\DashboardController.php(21): view('admin/dashboard/index', [...])
 6 SYSTEMPATH\CodeIgniter.php(932): App\Controllers\Admin\DashboardController->index()
 7 SYSTEMPATH\CodeIgniter.php(497): CodeIgniter\CodeIgniter->runController(Object(App\Controllers\Admin\DashboardController))
 8 SYSTEMPATH\CodeIgniter.php(366): CodeIgniter\CodeIgniter->handleRequest(null, Object(Config\Cache), false)
 9 FCPATH\index.php(67): CodeIgniter\CodeIgniter->run()
10 SYSTEMPATH\Commands\Server\rewrite.php(47): require_once('C:\\UAS\\siwisata\\public\\index.php')
INFO - 2023-08-20 01:40:41 --> Session: Class initialized using 'CodeIgniter\Session\Handlers\FileHandler' driver.
CRITICAL - 2023-08-20 01:40:41 --> Undefined variable $wisataCount
in APPPATH\Views\admin\dashboard\index.php on line 22.
 1 APPPATH\Views\admin\dashboard\index.php(22): CodeIgniter\Debug\Exceptions->errorHandler(2, 'Undefined variable $wisataCount', 'C:\\UAS\\siwisata\\app\\Views\\admin\\dashboard\\index.php', 22)
 2 SYSTEMPATH\View\View.php(224): include('C:\\UAS\\siwisata\\app\\Views\\admin\\dashboard\\index.php')
 3 SYSTEMPATH\View\View.php(227): CodeIgniter\View\View->CodeIgniter\View\{closure}()
 4 SYSTEMPATH\Common.php(1176): CodeIgniter\View\View->render('admin/dashboard/index', [], true)
 5 APPPATH\Controllers\Admin\DashboardController.php(21): view('admin/dashboard/index', [...])
 6 SYSTEMPATH\CodeIgniter.php(932): App\Controllers\Admin\DashboardController->index()
 7 SYSTEMPATH\CodeIgniter.php(497): CodeIgniter\CodeIgniter->runController(Object(App\Controllers\Admin\DashboardController))
 8 SYSTEMPATH\CodeIgniter.php(366): CodeIgniter\CodeIgniter->handleRequest(null, Object(Config\Cache), false)
 9 FCPATH\index.php(67): CodeIgniter\CodeIgniter->run()
10 SYSTEMPATH\Commands\Server\rewrite.php(47): require_once('C:\\UAS\\siwisata\\public\\index.php')
INFO - 2023-08-20 01:40:41 --> Session: Class initialized using 'CodeIgniter\Session\Handlers\FileHandler' driver.
CRITICAL - 2023-08-20 01:40:41 --> Undefined variable $wisataCount
in APPPATH\Views\admin\dashboard\index.php on line 22.
 1 APPPATH\Views\admin\dashboard\index.php(22): CodeIgniter\Debug\Exceptions->errorHandler(2, 'Undefined variable $wisataCount', 'C:\\UAS\\siwisata\\app\\Views\\admin\\dashboard\\index.php', 22)
 2 SYSTEMPATH\View\View.php(224): include('C:\\UAS\\siwisata\\app\\Views\\admin\\dashboard\\index.php')
 3 SYSTEMPATH\View\View.php(227): CodeIgniter\View\View->CodeIgniter\View\{closure}()
 4 SYSTEMPATH\Common.php(1176): CodeIgniter\View\View->render('admin/dashboard/index', [], true)
 5 APPPATH\Controllers\Admin\DashboardController.php(21): view('admin/dashboard/index', [...])
 6 SYSTEMPATH\CodeIgniter.php(932): App\Controllers\Admin\DashboardController->index()
 7 SYSTEMPATH\CodeIgniter.php(497): CodeIgniter\CodeIgniter->runController(Object(App\Controllers\Admin\DashboardController))
 8 SYSTEMPATH\CodeIgniter.php(366): CodeIgniter\CodeIgniter->handleRequest(null, Object(Config\Cache), false)
 9 FCPATH\index.php(67): CodeIgniter\CodeIgniter->run()
10 SYSTEMPATH\Commands\Server\rewrite.php(47): require_once('C:\\UAS\\siwisata\\public\\index.php')
INFO - 2023-08-20 01:40:42 --> Session: Class initialized using 'CodeIgniter\Session\Handlers\FileHandler' driver.
CRITICAL - 2023-08-20 01:40:42 --> Undefined variable $wisataCount
in APPPATH\Views\admin\dashboard\index.php on line 22.
 1 APPPATH\Views\admin\dashboard\index.php(22): CodeIgniter\Debug\Exceptions->errorHandler(2, 'Undefined variable $wisataCount', 'C:\\UAS\\siwisata\\app\\Views\\admin\\dashboard\\index.php', 22)
 2 SYSTEMPATH\View\View.php(224): include('C:\\UAS\\siwisata\\app\\Views\\admin\\dashboard\\index.php')
 3 SYSTEMPATH\View\View.php(227): CodeIgniter\View\View->CodeIgniter\View\{closure}()
 4 SYSTEMPATH\Common.php(1176): CodeIgniter\View\View->render('admin/dashboard/index', [], true)
 5 APPPATH\Controllers\Admin\DashboardController.php(21): view('admin/dashboard/index', [...])
 6 SYSTEMPATH\CodeIgniter.php(932): App\Controllers\Admin\DashboardController->index()
 7 SYSTEMPATH\CodeIgniter.php(497): CodeIgniter\CodeIgniter->runController(Object(App\Controllers\Admin\DashboardController))
 8 SYSTEMPATH\CodeIgniter.php(366): CodeIgniter\CodeIgniter->handleRequest(null, Object(Config\Cache), false)
 9 FCPATH\index.php(67): CodeIgniter\CodeIgniter->run()
10 SYSTEMPATH\Commands\Server\rewrite.php(47): require_once('C:\\UAS\\siwisata\\public\\index.php')
INFO - 2023-08-20 01:40:43 --> Session: Class initialized using 'CodeIgniter\Session\Handlers\FileHandler' driver.
CRITICAL - 2023-08-20 01:40:43 --> Undefined variable $wisataCount
in APPPATH\Views\admin\dashboard\index.php on line 22.
 1 APPPATH\Views\admin\dashboard\index.php(22): CodeIgniter\Debug\Exceptions->errorHandler(2, 'Undefined variable $wisataCount', 'C:\\UAS\\siwisata\\app\\Views\\admin\\dashboard\\index.php', 22)
 2 SYSTEMPATH\View\View.php(224): include('C:\\UAS\\siwisata\\app\\Views\\admin\\dashboard\\index.php')
 3 SYSTEMPATH\View\View.php(227): CodeIgniter\View\View->CodeIgniter\View\{closure}()
 4 SYSTEMPATH\Common.php(1176): CodeIgniter\View\View->render('admin/dashboard/index', [], true)
 5 APPPATH\Controllers\Admin\DashboardController.php(21): view('admin/dashboard/index', [...])
 6 SYSTEMPATH\CodeIgniter.php(932): App\Controllers\Admin\DashboardController->index()
 7 SYSTEMPATH\CodeIgniter.php(497): CodeIgniter\CodeIgniter->runController(Object(App\Controllers\Admin\DashboardController))
 8 SYSTEMPATH\CodeIgniter.php(366): CodeIgniter\CodeIgniter->handleRequest(null, Object(Config\Cache), false)
 9 FCPATH\index.php(67): CodeIgniter\CodeIgniter->run()
10 SYSTEMPATH\Commands\Server\rewrite.php(47): require_once('C:\\UAS\\siwisata\\public\\index.php')
INFO - 2023-08-20 01:40:44 --> Session: Class initialized using 'CodeIgniter\Session\Handlers\FileHandler' driver.
CRITICAL - 2023-08-20 01:40:44 --> Undefined variable $wisataCount
in APPPATH\Views\admin\dashboard\index.php on line 22.
 1 APPPATH\Views\admin\dashboard\index.php(22): CodeIgniter\Debug\Exceptions->errorHandler(2, 'Undefined variable $wisataCount', 'C:\\UAS\\siwisata\\app\\Views\\admin\\dashboard\\index.php', 22)
 2 SYSTEMPATH\View\View.php(224): include('C:\\UAS\\siwisata\\app\\Views\\admin\\dashboard\\index.php')
 3 SYSTEMPATH\View\View.php(227): CodeIgniter\View\View->CodeIgniter\View\{closure}()
 4 SYSTEMPATH\Common.php(1176): CodeIgniter\View\View->render('admin/dashboard/index', [], true)
 5 APPPATH\Controllers\Admin\DashboardController.php(21): view('admin/dashboard/index', [...])
 6 SYSTEMPATH\CodeIgniter.php(932): App\Controllers\Admin\DashboardController->index()
 7 SYSTEMPATH\CodeIgniter.php(497): CodeIgniter\CodeIgniter->runController(Object(App\Controllers\Admin\DashboardController))
 8 SYSTEMPATH\CodeIgniter.php(366): CodeIgniter\CodeIgniter->handleRequest(null, Object(Config\Cache), false)
 9 FCPATH\index.php(67): CodeIgniter\CodeIgniter->run()
10 SYSTEMPATH\Commands\Server\rewrite.php(47): require_once('C:\\UAS\\siwisata\\public\\index.php')
INFO - 2023-08-20 01:45:10 --> Session: Class initialized using 'CodeIgniter\Session\Handlers\FileHandler' driver.
CRITICAL - 2023-08-20 01:45:10 --> Undefined variable $wisataCount
in APPPATH\Views\admin\dashboard\index.php on line 22.
 1 APPPATH\Views\admin\dashboard\index.php(22): CodeIgniter\Debug\Exceptions->errorHandler(2, 'Undefined variable $wisataCount', 'C:\\UAS\\siwisata\\app\\Views\\admin\\dashboard\\index.php', 22)
 2 SYSTEMPATH\View\View.php(224): include('C:\\UAS\\siwisata\\app\\Views\\admin\\dashboard\\index.php')
 3 SYSTEMPATH\View\View.php(227): CodeIgniter\View\View->CodeIgniter\View\{closure}()
 4 SYSTEMPATH\Common.php(1176): CodeIgniter\View\View->render('admin/dashboard/index', [], true)
 5 APPPATH\Controllers\Admin\DashboardController.php(21): view('admin/dashboard/index', [...])
 6 SYSTEMPATH\CodeIgniter.php(932): App\Controllers\Admin\DashboardController->index()
 7 SYSTEMPATH\CodeIgniter.php(497): CodeIgniter\CodeIgniter->runController(Object(App\Controllers\Admin\DashboardController))
 8 SYSTEMPATH\CodeIgniter.php(366): CodeIgniter\CodeIgniter->handleRequest(null, Object(Config\Cache), false)
 9 FCPATH\index.php(67): CodeIgniter\CodeIgniter->run()
10 SYSTEMPATH\Commands\Server\rewrite.php(47): require_once('C:\\UAS\\siwisata\\public\\index.php')
INFO - 2023-08-20 01:45:10 --> Session: Class initialized using 'CodeIgniter\Session\Handlers\FileHandler' driver.
CRITICAL - 2023-08-20 01:45:10 --> Undefined variable $wisataCount
in APPPATH\Views\admin\dashboard\index.php on line 22.
 1 APPPATH\Views\admin\dashboard\index.php(22): CodeIgniter\Debug\Exceptions->errorHandler(2, 'Undefined variable $wisataCount', 'C:\\UAS\\siwisata\\app\\Views\\admin\\dashboard\\index.php', 22)
 2 SYSTEMPATH\View\View.php(224): include('C:\\UAS\\siwisata\\app\\Views\\admin\\dashboard\\index.php')
 3 SYSTEMPATH\View\View.php(227): CodeIgniter\View\View->CodeIgniter\View\{closure}()
 4 SYSTEMPATH\Common.php(1176): CodeIgniter\View\View->render('admin/dashboard/index', [], true)
 5 APPPATH\Controllers\Admin\DashboardController.php(21): view('admin/dashboard/index', [...])
 6 SYSTEMPATH\CodeIgniter.php(932): App\Controllers\Admin\DashboardController->index()
 7 SYSTEMPATH\CodeIgniter.php(497): CodeIgniter\CodeIgniter->runController(Object(App\Controllers\Admin\DashboardController))
 8 SYSTEMPATH\CodeIgniter.php(366): CodeIgniter\CodeIgniter->handleRequest(null, Object(Config\Cache), false)
 9 FCPATH\index.php(67): CodeIgniter\CodeIgniter->run()
10 SYSTEMPATH\Commands\Server\rewrite.php(47): require_once('C:\\UAS\\siwisata\\public\\index.php')
INFO - 2023-08-20 01:45:11 --> Session: Class initialized using 'CodeIgniter\Session\Handlers\FileHandler' driver.
CRITICAL - 2023-08-20 01:45:11 --> Undefined variable $wisataCount
in APPPATH\Views\admin\dashboard\index.php on line 22.
 1 APPPATH\Views\admin\dashboard\index.php(22): CodeIgniter\Debug\Exceptions->errorHandler(2, 'Undefined variable $wisataCount', 'C:\\UAS\\siwisata\\app\\Views\\admin\\dashboard\\index.php', 22)
 2 SYSTEMPATH\View\View.php(224): include('C:\\UAS\\siwisata\\app\\Views\\admin\\dashboard\\index.php')
 3 SYSTEMPATH\View\View.php(227): CodeIgniter\View\View->CodeIgniter\View\{closure}()
 4 SYSTEMPATH\Common.php(1176): CodeIgniter\View\View->render('admin/dashboard/index', [], true)
 5 APPPATH\Controllers\Admin\DashboardController.php(21): view('admin/dashboard/index', [...])
 6 SYSTEMPATH\CodeIgniter.php(932): App\Controllers\Admin\DashboardController->index()
 7 SYSTEMPATH\CodeIgniter.php(497): CodeIgniter\CodeIgniter->runController(Object(App\Controllers\Admin\DashboardController))
 8 SYSTEMPATH\CodeIgniter.php(366): CodeIgniter\CodeIgniter->handleRequest(null, Object(Config\Cache), false)
 9 FCPATH\index.php(67): CodeIgniter\CodeIgniter->run()
10 SYSTEMPATH\Commands\Server\rewrite.php(47): require_once('C:\\UAS\\siwisata\\public\\index.php')
INFO - 2023-08-20 01:45:11 --> Session: Class initialized using 'CodeIgniter\Session\Handlers\FileHandler' driver.
CRITICAL - 2023-08-20 01:45:11 --> Undefined variable $wisataCount
in APPPATH\Views\admin\dashboard\index.php on line 22.
 1 APPPATH\Views\admin\dashboard\index.php(22): CodeIgniter\Debug\Exceptions->errorHandler(2, 'Undefined variable $wisataCount', 'C:\\UAS\\siwisata\\app\\Views\\admin\\dashboard\\index.php', 22)
 2 SYSTEMPATH\View\View.php(224): include('C:\\UAS\\siwisata\\app\\Views\\admin\\dashboard\\index.php')
 3 SYSTEMPATH\View\View.php(227): CodeIgniter\View\View->CodeIgniter\View\{closure}()
 4 SYSTEMPATH\Common.php(1176): CodeIgniter\View\View->render('admin/dashboard/index', [], true)
 5 APPPATH\Controllers\Admin\DashboardController.php(21): view('admin/dashboard/index', [...])
 6 SYSTEMPATH\CodeIgniter.php(932): App\Controllers\Admin\DashboardController->index()
 7 SYSTEMPATH\CodeIgniter.php(497): CodeIgniter\CodeIgniter->runController(Object(App\Controllers\Admin\DashboardController))
 8 SYSTEMPATH\CodeIgniter.php(366): CodeIgniter\CodeIgniter->handleRequest(null, Object(Config\Cache), false)
 9 FCPATH\index.php(67): CodeIgniter\CodeIgniter->run()
10 SYSTEMPATH\Commands\Server\rewrite.php(47): require_once('C:\\UAS\\siwisata\\public\\index.php')
INFO - 2023-08-20 01:51:02 --> Session: Class initialized using 'CodeIgniter\Session\Handlers\FileHandler' driver.
INFO - 2023-08-20 01:51:40 --> Session: Class initialized using 'CodeIgniter\Session\Handlers\FileHandler' driver.
INFO - 2023-08-20 01:51:58 --> Session: Class initialized using 'CodeIgniter\Session\Handlers\FileHandler' driver.
INFO - 2023-08-20 01:52:03 --> Session: Class initialized using 'CodeIgniter\Session\Handlers\FileHandler' driver.
INFO - 2023-08-20 01:52:08 --> Session: Class initialized using 'CodeIgniter\Session\Handlers\FileHandler' driver.
INFO - 2023-08-20 01:52:11 --> Session: Class initialized using 'CodeIgniter\Session\Handlers\FileHandler' driver.
INFO - 2023-08-20 01:53:06 --> Session: Class initialized using 'CodeIgniter\Session\Handlers\FileHandler' driver.
INFO - 2023-08-20 01:53:10 --> Session: Class initialized using 'CodeIgniter\Session\Handlers\FileHandler' driver.
INFO - 2023-08-20 01:53:10 --> Session: Class initialized using 'CodeIgniter\Session\Handlers\FileHandler' driver.
INFO - 2023-08-20 01:53:12 --> Session: Class initialized using 'CodeIgniter\Session\Handlers\FileHandler' driver.
INFO - 2023-08-20 01:53:13 --> Session: Class initialized using 'CodeIgniter\Session\Handlers\FileHandler' driver.
INFO - 2023-08-20 01:53:15 --> Session: Class initialized using 'CodeIgniter\Session\Handlers\FileHandler' driver.
INFO - 2023-08-20 01:53:36 --> Session: Class initialized using 'CodeIgniter\Session\Handlers\FileHandler' driver.
INFO - 2023-08-20 01:54:12 --> Session: Class initialized using 'CodeIgniter\Session\Handlers\FileHandler' driver.
INFO - 2023-08-20 01:54:24 --> Session: Class initialized using 'CodeIgniter\Session\Handlers\FileHandler' driver.
INFO - 2023-08-20 01:54:27 --> Session: Class initialized using 'CodeIgniter\Session\Handlers\FileHandler' driver.
INFO - 2023-08-20 01:55:09 --> Session: Class initialized using 'CodeIgniter\Session\Handlers\FileHandler' driver.
INFO - 2023-08-20 01:58:04 --> Session: Class initialized using 'CodeIgniter\Session\Handlers\FileHandler' driver.
INFO - 2023-08-20 01:58:10 --> Session: Class initialized using 'CodeIgniter\Session\Handlers\FileHandler' driver.
INFO - 2023-08-20 01:58:49 --> Session: Class initialized using 'CodeIgniter\Session\Handlers\FileHandler' driver.
CRITICAL - 2023-08-20 01:58:49 --> There is no data to update.
in SYSTEMPATH\BaseModel.php on line 1693.
 1 SYSTEMPATH\BaseModel.php(1693): CodeIgniter\Database\Exceptions\DataException::forEmptyDataset('update')
 2 SYSTEMPATH\BaseModel.php(910): CodeIgniter\BaseModel->transformDataToArray(null, 'update')
 3 SYSTEMPATH\Model.php(756): CodeIgniter\BaseModel->update([...], null)
 4 APPPATH\Controllers\Admin\TransportasiController.php(95): CodeIgniter\Model->update([...])
 5 SYSTEMPATH\CodeIgniter.php(932): App\Controllers\Admin\TransportasiController->edit('4')
 6 SYSTEMPATH\CodeIgniter.php(497): CodeIgniter\CodeIgniter->runController(Object(App\Controllers\Admin\TransportasiController))
 7 SYSTEMPATH\CodeIgniter.php(366): CodeIgniter\CodeIgniter->handleRequest(null, Object(Config\Cache), false)
 8 FCPATH\index.php(67): CodeIgniter\CodeIgniter->run()
 9 SYSTEMPATH\Commands\Server\rewrite.php(47): require_once('C:\\UAS\\siwisata\\public\\index.php')
INFO - 2023-08-20 01:58:56 --> Session: Class initialized using 'CodeIgniter\Session\Handlers\FileHandler' driver.
INFO - 2023-08-20 01:59:10 --> Session: Class initialized using 'CodeIgniter\Session\Handlers\FileHandler' driver.
INFO - 2023-08-20 02:00:13 --> Session: Class initialized using 'CodeIgniter\Session\Handlers\FileHandler' driver.
INFO - 2023-08-20 02:00:34 --> Session: Class initialized using 'CodeIgniter\Session\Handlers\FileHandler' driver.
INFO - 2023-08-20 02:00:38 --> Session: Class initialized using 'CodeIgniter\Session\Handlers\FileHandler' driver.
INFO - 2023-08-20 02:00:41 --> Session: Class initialized using 'CodeIgniter\Session\Handlers\FileHandler' driver.
INFO - 2023-08-20 02:00:46 --> Session: Class initialized using 'CodeIgniter\Session\Handlers\FileHandler' driver.
INFO - 2023-08-20 02:00:49 --> Session: Class initialized using 'CodeIgniter\Session\Handlers\FileHandler' driver.
INFO - 2023-08-20 02:01:27 --> Session: Class initialized using 'CodeIgniter\Session\Handlers\FileHandler' driver.
INFO - 2023-08-20 02:01:59 --> Session: Class initialized using 'CodeIgniter\Session\Handlers\FileHandler' driver.
INFO - 2023-08-20 02:02:01 --> Session: Class initialized using 'CodeIgniter\Session\Handlers\FileHandler' driver.
INFO - 2023-08-20 02:02:20 --> Session: Class initialized using 'CodeIgniter\Session\Handlers\FileHandler' driver.
INFO - 2023-08-20 02:02:22 --> Session: Class initialized using 'CodeIgniter\Session\Handlers\FileHandler' driver.
INFO - 2023-08-20 02:04:51 --> Session: Class initialized using 'CodeIgniter\Session\Handlers\FileHandler' driver.
INFO - 2023-08-20 02:05:36 --> Session: Class initialized using 'CodeIgniter\Session\Handlers\FileHandler' driver.
INFO - 2023-08-20 02:05:53 --> Session: Class initialized using 'CodeIgniter\Session\Handlers\FileHandler' driver.
INFO - 2023-08-20 02:05:56 --> Session: Class initialized using 'CodeIgniter\Session\Handlers\FileHandler' driver.
INFO - 2023-08-20 02:06:57 --> Session: Class initialized using 'CodeIgniter\Session\Handlers\FileHandler' driver.
INFO - 2023-08-20 02:07:02 --> Session: Class initialized using 'CodeIgniter\Session\Handlers\FileHandler' driver.
INFO - 2023-08-20 02:07:04 --> Session: Class initialized using 'CodeIgniter\Session\Handlers\FileHandler' driver.
INFO - 2023-08-20 02:11:29 --> Session: Class initialized using 'CodeIgniter\Session\Handlers\FileHandler' driver.
INFO - 2023-08-20 02:11:49 --> Session: Class initialized using 'CodeIgniter\Session\Handlers\FileHandler' driver.
INFO - 2023-08-20 02:11:50 --> Session: Class initialized using 'CodeIgniter\Session\Handlers\FileHandler' driver.
INFO - 2023-08-20 02:14:35 --> Session: Class initialized using 'CodeIgniter\Session\Handlers\FileHandler' driver.
CRITICAL - 2023-08-20 02:14:35 --> Cannot use object of type stdClass as array
in APPPATH\Views\admin\transportasi\index.php on line 34.
 1 SYSTEMPATH\View\View.php(224): include()
 2 SYSTEMPATH\View\View.php(227): CodeIgniter\View\View->CodeIgniter\View\{closure}()
 3 SYSTEMPATH\Common.php(1176): CodeIgniter\View\View->render('admin/transportasi/index', [], true)
 4 APPPATH\Controllers\Admin\TransportasiController.php(23): view('admin/transportasi/index', [...])
 5 SYSTEMPATH\CodeIgniter.php(932): App\Controllers\Admin\TransportasiController->index()
 6 SYSTEMPATH\CodeIgniter.php(497): CodeIgniter\CodeIgniter->runController(Object(App\Controllers\Admin\TransportasiController))
 7 SYSTEMPATH\CodeIgniter.php(366): CodeIgniter\CodeIgniter->handleRequest(null, Object(Config\Cache), false)
 8 FCPATH\index.php(67): CodeIgniter\CodeIgniter->run()
 9 SYSTEMPATH\Commands\Server\rewrite.php(47): require_once('C:\\UAS\\siwisata\\public\\index.php')
INFO - 2023-08-20 02:14:37 --> Session: Class initialized using 'CodeIgniter\Session\Handlers\FileHandler' driver.
CRITICAL - 2023-08-20 02:14:37 --> Cannot use object of type stdClass as array
in APPPATH\Views\admin\transportasi\index.php on line 34.
 1 SYSTEMPATH\View\View.php(224): include()
 2 SYSTEMPATH\View\View.php(227): CodeIgniter\View\View->CodeIgniter\View\{closure}()
 3 SYSTEMPATH\Common.php(1176): CodeIgniter\View\View->render('admin/transportasi/index', [], true)
 4 APPPATH\Controllers\Admin\TransportasiController.php(23): view('admin/transportasi/index', [...])
 5 SYSTEMPATH\CodeIgniter.php(932): App\Controllers\Admin\TransportasiController->index()
 6 SYSTEMPATH\CodeIgniter.php(497): CodeIgniter\CodeIgniter->runController(Object(App\Controllers\Admin\TransportasiController))
 7 SYSTEMPATH\CodeIgniter.php(366): CodeIgniter\CodeIgniter->handleRequest(null, Object(Config\Cache), false)
 8 FCPATH\index.php(67): CodeIgniter\CodeIgniter->run()
 9 SYSTEMPATH\Commands\Server\rewrite.php(47): require_once('C:\\UAS\\siwisata\\public\\index.php')
INFO - 2023-08-20 02:14:42 --> Session: Class initialized using 'CodeIgniter\Session\Handlers\FileHandler' driver.
CRITICAL - 2023-08-20 02:14:42 --> Cannot use object of type stdClass as array
in APPPATH\Views\admin\transportasi\index.php on line 34.
 1 SYSTEMPATH\View\View.php(224): include()
 2 SYSTEMPATH\View\View.php(227): CodeIgniter\View\View->CodeIgniter\View\{closure}()
 3 SYSTEMPATH\Common.php(1176): CodeIgniter\View\View->render('admin/transportasi/index', [], true)
 4 APPPATH\Controllers\Admin\TransportasiController.php(23): view('admin/transportasi/index', [...])
 5 SYSTEMPATH\CodeIgniter.php(932): App\Controllers\Admin\TransportasiController->index()
 6 SYSTEMPATH\CodeIgniter.php(497): CodeIgniter\CodeIgniter->runController(Object(App\Controllers\Admin\TransportasiController))
 7 SYSTEMPATH\CodeIgniter.php(366): CodeIgniter\CodeIgniter->handleRequest(null, Object(Config\Cache), false)
 8 FCPATH\index.php(67): CodeIgniter\CodeIgniter->run()
 9 SYSTEMPATH\Commands\Server\rewrite.php(47): require_once('C:\\UAS\\siwisata\\public\\index.php')
INFO - 2023-08-20 02:14:43 --> Session: Class initialized using 'CodeIgniter\Session\Handlers\FileHandler' driver.
CRITICAL - 2023-08-20 02:14:43 --> Cannot use object of type stdClass as array
in APPPATH\Views\admin\transportasi\index.php on line 34.
 1 SYSTEMPATH\View\View.php(224): include()
 2 SYSTEMPATH\View\View.php(227): CodeIgniter\View\View->CodeIgniter\View\{closure}()
 3 SYSTEMPATH\Common.php(1176): CodeIgniter\View\View->render('admin/transportasi/index', [], true)
 4 APPPATH\Controllers\Admin\TransportasiController.php(23): view('admin/transportasi/index', [...])
 5 SYSTEMPATH\CodeIgniter.php(932): App\Controllers\Admin\TransportasiController->index()
 6 SYSTEMPATH\CodeIgniter.php(497): CodeIgniter\CodeIgniter->runController(Object(App\Controllers\Admin\TransportasiController))
 7 SYSTEMPATH\CodeIgniter.php(366): CodeIgniter\CodeIgniter->handleRequest(null, Object(Config\Cache), false)
 8 FCPATH\index.php(67): CodeIgniter\CodeIgniter->run()
 9 SYSTEMPATH\Commands\Server\rewrite.php(47): require_once('C:\\UAS\\siwisata\\public\\index.php')
INFO - 2023-08-20 02:14:51 --> Session: Class initialized using 'CodeIgniter\Session\Handlers\FileHandler' driver.
INFO - 2023-08-20 02:15:04 --> Session: Class initialized using 'CodeIgniter\Session\Handlers\FileHandler' driver.
INFO - 2023-08-20 02:15:04 --> Session: Class initialized using 'CodeIgniter\Session\Handlers\FileHandler' driver.
INFO - 2023-08-20 02:15:07 --> Session: Class initialized using 'CodeIgniter\Session\Handlers\FileHandler' driver.
INFO - 2023-08-20 02:15:09 --> Session: Class initialized using 'CodeIgniter\Session\Handlers\FileHandler' driver.
CRITICAL - 2023-08-20 02:15:09 --> "App\Models\TransportasiModel" model class does not have a valid dateFormat.
in SYSTEMPATH\BaseModel.php on line 1300.
 1 SYSTEMPATH\BaseModel.php(1300): CodeIgniter\Exceptions\ModelException::forNoDateFormat('App\\Models\\TransportasiModel')
 2 SYSTEMPATH\BaseModel.php(1267): CodeIgniter\BaseModel->intToDate(1692497709)
 3 SYSTEMPATH\BaseModel.php(766): CodeIgniter\BaseModel->setDate()
 4 SYSTEMPATH\Model.php(730): CodeIgniter\BaseModel->insert([...], true)
 5 APPPATH\Controllers\Admin\TransportasiController.php(55): CodeIgniter\Model->insert([...])
 6 SYSTEMPATH\CodeIgniter.php(932): App\Controllers\Admin\TransportasiController->add()
 7 SYSTEMPATH\CodeIgniter.php(497): CodeIgniter\CodeIgniter->runController(Object(App\Controllers\Admin\TransportasiController))
 8 SYSTEMPATH\CodeIgniter.php(366): CodeIgniter\CodeIgniter->handleRequest(null, Object(Config\Cache), false)
 9 FCPATH\index.php(67): CodeIgniter\CodeIgniter->run()
10 SYSTEMPATH\Commands\Server\rewrite.php(47): require_once('C:\\UAS\\siwisata\\public\\index.php')
INFO - 2023-08-20 02:15:13 --> Session: Class initialized using 'CodeIgniter\Session\Handlers\FileHandler' driver.
INFO - 2023-08-20 02:15:23 --> Session: Class initialized using 'CodeIgniter\Session\Handlers\FileHandler' driver.
CRITICAL - 2023-08-20 02:15:23 --> "App\Models\TransportasiModel" model class does not have a valid dateFormat.
in SYSTEMPATH\BaseModel.php on line 1300.
 1 SYSTEMPATH\BaseModel.php(1300): CodeIgniter\Exceptions\ModelException::forNoDateFormat('App\\Models\\TransportasiModel')
 2 SYSTEMPATH\BaseModel.php(1267): CodeIgniter\BaseModel->intToDate(1692497723)
 3 SYSTEMPATH\BaseModel.php(766): CodeIgniter\BaseModel->setDate()
 4 SYSTEMPATH\Model.php(730): CodeIgniter\BaseModel->insert([...], true)
 5 APPPATH\Controllers\Admin\TransportasiController.php(55): CodeIgniter\Model->insert([...])
 6 SYSTEMPATH\CodeIgniter.php(932): App\Controllers\Admin\TransportasiController->add()
 7 SYSTEMPATH\CodeIgniter.php(497): CodeIgniter\CodeIgniter->runController(Object(App\Controllers\Admin\TransportasiController))
 8 SYSTEMPATH\CodeIgniter.php(366): CodeIgniter\CodeIgniter->handleRequest(null, Object(Config\Cache), false)
 9 FCPATH\index.php(67): CodeIgniter\CodeIgniter->run()
10 SYSTEMPATH\Commands\Server\rewrite.php(47): require_once('C:\\UAS\\siwisata\\public\\index.php')
INFO - 2023-08-20 02:15:32 --> Session: Class initialized using 'CodeIgniter\Session\Handlers\FileHandler' driver.
INFO - 2023-08-20 02:15:36 --> Session: Class initialized using 'CodeIgniter\Session\Handlers\FileHandler' driver.
INFO - 2023-08-20 02:15:37 --> Session: Class initialized using 'CodeIgniter\Session\Handlers\FileHandler' driver.
CRITICAL - 2023-08-20 02:15:37 --> "App\Models\TransportasiModel" model class does not have a valid dateFormat.
in SYSTEMPATH\BaseModel.php on line 1300.
 1 SYSTEMPATH\BaseModel.php(1300): CodeIgniter\Exceptions\ModelException::forNoDateFormat('App\\Models\\TransportasiModel')
 2 SYSTEMPATH\BaseModel.php(1267): CodeIgniter\BaseModel->intToDate(1692497737)
 3 SYSTEMPATH\BaseModel.php(766): CodeIgniter\BaseModel->setDate()
 4 SYSTEMPATH\Model.php(730): CodeIgniter\BaseModel->insert([...], true)
 5 APPPATH\Controllers\Admin\TransportasiController.php(55): CodeIgniter\Model->insert([...])
 6 SYSTEMPATH\CodeIgniter.php(932): App\Controllers\Admin\TransportasiController->add()
 7 SYSTEMPATH\CodeIgniter.php(497): CodeIgniter\CodeIgniter->runController(Object(App\Controllers\Admin\TransportasiController))
 8 SYSTEMPATH\CodeIgniter.php(366): CodeIgniter\CodeIgniter->handleRequest(null, Object(Config\Cache), false)
 9 FCPATH\index.php(67): CodeIgniter\CodeIgniter->run()
10 SYSTEMPATH\Commands\Server\rewrite.php(47): require_once('C:\\UAS\\siwisata\\public\\index.php')
INFO - 2023-08-20 02:18:56 --> Session: Class initialized using 'CodeIgniter\Session\Handlers\FileHandler' driver.
INFO - 2023-08-20 02:18:56 --> Session: Class initialized using 'CodeIgniter\Session\Handlers\FileHandler' driver.
INFO - 2023-08-20 02:19:00 --> Session: Class initialized using 'CodeIgniter\Session\Handlers\FileHandler' driver.
INFO - 2023-08-20 02:19:01 --> Session: Class initialized using 'CodeIgniter\Session\Handlers\FileHandler' driver.
INFO - 2023-08-20 02:22:49 --> Session: Class initialized using 'CodeIgniter\Session\Handlers\FileHandler' driver.
INFO - 2023-08-20 02:22:52 --> Session: Class initialized using 'CodeIgniter\Session\Handlers\FileHandler' driver.
INFO - 2023-08-20 02:22:55 --> Session: Class initialized using 'CodeIgniter\Session\Handlers\FileHandler' driver.
ERROR - 2023-08-20 02:22:55 --> mysqli_sql_exception: Column 'gambar' cannot be null in C:\UAS\siwisata\system\Database\MySQLi\Connection.php:295
Stack trace:
#0 C:\UAS\siwisata\system\Database\MySQLi\Connection.php(295): mysqli->query('INSERT INTO `pe...', 0)
#1 C:\UAS\siwisata\system\Database\BaseConnection.php(692): CodeIgniter\Database\MySQLi\Connection->execute('INSERT INTO `pe...')
#2 C:\UAS\siwisata\system\Database\BaseConnection.php(606): CodeIgniter\Database\BaseConnection->simpleQuery('INSERT INTO `pe...')
#3 C:\UAS\siwisata\system\Database\BaseBuilder.php(2309): CodeIgniter\Database\BaseConnection->query('INSERT INTO `pe...', Array, false)
#4 C:\UAS\siwisata\system\Model.php(330): CodeIgniter\Database\BaseBuilder->insert()
#5 C:\UAS\siwisata\system\BaseModel.php(782): CodeIgniter\Model->doInsert(Array)
#6 C:\UAS\siwisata\system\Model.php(730): CodeIgniter\BaseModel->insert(Array, true)
#7 C:\UAS\siwisata\app\Controllers\Admin\HotelController.php(56): CodeIgniter\Model->insert(Array)
#8 C:\UAS\siwisata\system\CodeIgniter.php(932): App\Controllers\Admin\HotelController->add()
#9 C:\UAS\siwisata\system\CodeIgniter.php(497): CodeIgniter\CodeIgniter->runController(Object(App\Controllers\Admin\HotelController))
#10 C:\UAS\siwisata\system\CodeIgniter.php(366): CodeIgniter\CodeIgniter->handleRequest(NULL, Object(Config\Cache), false)
#11 C:\UAS\siwisata\public\index.php(67): CodeIgniter\CodeIgniter->run()
#12 C:\UAS\siwisata\system\Commands\Server\rewrite.php(47): require_once('C:\\UAS\\siwisata...')
#13 {main}
CRITICAL - 2023-08-20 02:22:55 --> Column 'gambar' cannot be null
in SYSTEMPATH\Database\MySQLi\Connection.php on line 295.
 1 SYSTEMPATH\Database\MySQLi\Connection.php(295): mysqli->query('INSERT INTO `penginapan` (`nama_penginapan`, `lokasi`, `price`, `deskripsi`, `gambar`) VALUES (\'\', \'\', \'\', \'\', NULL)', 0)
 2 SYSTEMPATH\Database\BaseConnection.php(692): CodeIgniter\Database\MySQLi\Connection->execute('INSERT INTO `penginapan` (`nama_penginapan`, `lokasi`, `price`, `deskripsi`, `gambar`) VALUES (\'\', \'\', \'\', \'\', NULL)')
 3 SYSTEMPATH\Database\BaseConnection.php(606): CodeIgniter\Database\BaseConnection->simpleQuery('INSERT INTO `penginapan` (`nama_penginapan`, `lokasi`, `price`, `deskripsi`, `gambar`) VALUES (\'\', \'\', \'\', \'\', NULL)')
 4 SYSTEMPATH\Database\BaseBuilder.php(2309): CodeIgniter\Database\BaseConnection->query('INSERT INTO `penginapan` (`nama_penginapan`, `lokasi`, `price`, `deskripsi`, `gambar`) VALUES (:nama_penginapan:, :lokasi:, :price:, :deskripsi:, :gambar:)', [...], false)
 5 SYSTEMPATH\Model.php(330): CodeIgniter\Database\BaseBuilder->insert()
 6 SYSTEMPATH\BaseModel.php(782): CodeIgniter\Model->doInsert([...])
 7 SYSTEMPATH\Model.php(730): CodeIgniter\BaseModel->insert([...], true)
 8 APPPATH\Controllers\Admin\HotelController.php(56): CodeIgniter\Model->insert([...])
 9 SYSTEMPATH\CodeIgniter.php(932): App\Controllers\Admin\HotelController->add()
10 SYSTEMPATH\CodeIgniter.php(497): CodeIgniter\CodeIgniter->runController(Object(App\Controllers\Admin\HotelController))
11 SYSTEMPATH\CodeIgniter.php(366): CodeIgniter\CodeIgniter->handleRequest(null, Object(Config\Cache), false)
12 FCPATH\index.php(67): CodeIgniter\CodeIgniter->run()
13 SYSTEMPATH\Commands\Server\rewrite.php(47): require_once('C:\\UAS\\siwisata\\public\\index.php')
INFO - 2023-08-20 02:22:58 --> Session: Class initialized using 'CodeIgniter\Session\Handlers\FileHandler' driver.
INFO - 2023-08-20 02:23:06 --> Session: Class initialized using 'CodeIgniter\Session\Handlers\FileHandler' driver.
CRITICAL - 2023-08-20 02:23:06 --> Undefined property: App\Controllers\Admin\HotelController::$session
in APPPATH\Controllers\Admin\HotelController.php on line 59.
 1 APPPATH\Controllers\Admin\HotelController.php(59): CodeIgniter\Debug\Exceptions->errorHandler(2, 'Undefined property: App\\Controllers\\Admin\\HotelController::$session', 'C:\\UAS\\siwisata\\app\\Controllers\\Admin\\HotelController.php', 59)
 2 SYSTEMPATH\CodeIgniter.php(932): App\Controllers\Admin\HotelController->add()
 3 SYSTEMPATH\CodeIgniter.php(497): CodeIgniter\CodeIgniter->runController(Object(App\Controllers\Admin\HotelController))
 4 SYSTEMPATH\CodeIgniter.php(366): CodeIgniter\CodeIgniter->handleRequest(null, Object(Config\Cache), false)
 5 FCPATH\index.php(67): CodeIgniter\CodeIgniter->run()
 6 SYSTEMPATH\Commands\Server\rewrite.php(47): require_once('C:\\UAS\\siwisata\\public\\index.php')
INFO - 2023-08-20 02:26:16 --> Session: Class initialized using 'CodeIgniter\Session\Handlers\FileHandler' driver.
CRITICAL - 2023-08-20 02:26:16 --> Undefined property: App\Controllers\Admin\HotelController::$session
in APPPATH\Controllers\Admin\HotelController.php on line 59.
 1 APPPATH\Controllers\Admin\HotelController.php(59): CodeIgniter\Debug\Exceptions->errorHandler(2, 'Undefined property: App\\Controllers\\Admin\\HotelController::$session', 'C:\\UAS\\siwisata\\app\\Controllers\\Admin\\HotelController.php', 59)
 2 SYSTEMPATH\CodeIgniter.php(932): App\Controllers\Admin\HotelController->add()
 3 SYSTEMPATH\CodeIgniter.php(497): CodeIgniter\CodeIgniter->runController(Object(App\Controllers\Admin\HotelController))
 4 SYSTEMPATH\CodeIgniter.php(366): CodeIgniter\CodeIgniter->handleRequest(null, Object(Config\Cache), false)
 5 FCPATH\index.php(67): CodeIgniter\CodeIgniter->run()
 6 SYSTEMPATH\Commands\Server\rewrite.php(47): require_once('C:\\UAS\\siwisata\\public\\index.php')
INFO - 2023-08-20 02:26:27 --> Session: Class initialized using 'CodeIgniter\Session\Handlers\FileHandler' driver.
INFO - 2023-08-20 02:26:27 --> Session: Class initialized using 'CodeIgniter\Session\Handlers\FileHandler' driver.
INFO - 2023-08-20 02:26:29 --> Session: Class initialized using 'CodeIgniter\Session\Handlers\FileHandler' driver.
INFO - 2023-08-20 02:26:29 --> Session: Class initialized using 'CodeIgniter\Session\Handlers\FileHandler' driver.
INFO - 2023-08-20 02:26:31 --> Session: Class initialized using 'CodeIgniter\Session\Handlers\FileHandler' driver.
INFO - 2023-08-20 02:26:31 --> Session: Class initialized using 'CodeIgniter\Session\Handlers\FileHandler' driver.
INFO - 2023-08-20 02:34:18 --> Session: Class initialized using 'CodeIgniter\Session\Handlers\FileHandler' driver.
INFO - 2023-08-20 02:34:22 --> Session: Class initialized using 'CodeIgniter\Session\Handlers\FileHandler' driver.
INFO - 2023-08-20 02:34:26 --> Session: Class initialized using 'CodeIgniter\Session\Handlers\FileHandler' driver.
INFO - 2023-08-20 02:34:27 --> Session: Class initialized using 'CodeIgniter\Session\Handlers\FileHandler' driver.
INFO - 2023-08-20 02:36:25 --> Session: Class initialized using 'CodeIgniter\Session\Handlers\FileHandler' driver.
INFO - 2023-08-20 02:36:50 --> Session: Class initialized using 'CodeIgniter\Session\Handlers\FileHandler' driver.
INFO - 2023-08-20 02:36:52 --> Session: Class initialized using 'CodeIgniter\Session\Handlers\FileHandler' driver.
INFO - 2023-08-20 02:36:57 --> Session: Class initialized using 'CodeIgniter\Session\Handlers\FileHandler' driver.
INFO - 2023-08-20 02:36:57 --> Session: Class initialized using 'CodeIgniter\Session\Handlers\FileHandler' driver.
INFO - 2023-08-20 02:37:31 --> Session: Class initialized using 'CodeIgniter\Session\Handlers\FileHandler' driver.
INFO - 2023-08-20 02:37:33 --> Session: Class initialized using 'CodeIgniter\Session\Handlers\FileHandler' driver.
INFO - 2023-08-20 02:37:33 --> Session: Class initialized using 'CodeIgniter\Session\Handlers\FileHandler' driver.
INFO - 2023-08-20 02:37:35 --> Session: Class initialized using 'CodeIgniter\Session\Handlers\FileHandler' driver.
INFO - 2023-08-20 02:37:35 --> Session: Class initialized using 'CodeIgniter\Session\Handlers\FileHandler' driver.
INFO - 2023-08-20 02:37:44 --> Session: Class initialized using 'CodeIgniter\Session\Handlers\FileHandler' driver.
INFO - 2023-08-20 02:37:46 --> Session: Class initialized using 'CodeIgniter\Session\Handlers\FileHandler' driver.
INFO - 2023-08-20 02:37:51 --> Session: Class initialized using 'CodeIgniter\Session\Handlers\FileHandler' driver.
INFO - 2023-08-20 02:37:51 --> Session: Class initialized using 'CodeIgniter\Session\Handlers\FileHandler' driver.
INFO - 2023-08-20 02:37:55 --> Session: Class initialized using 'CodeIgniter\Session\Handlers\FileHandler' driver.
INFO - 2023-08-20 02:37:55 --> Session: Class initialized using 'CodeIgniter\Session\Handlers\FileHandler' driver.
INFO - 2023-08-20 02:41:31 --> Session: Class initialized using 'CodeIgniter\Session\Handlers\FileHandler' driver.
INFO - 2023-08-20 02:41:36 --> Session: Class initialized using 'CodeIgniter\Session\Handlers\FileHandler' driver.
